2023-12-11 18:19:02,157 [INFO] Start the GFA sequence (at gfa_init.py)
2023-12-11 18:19:02,157 [INFO] Connect the KSPEC GFA cameras (at gfa_init.py)
2023-12-11 18:19:02,588 [INFO] Cam1 check <pypylon.pylon.InstantCamera; proxy of <Swig Object of type 'Pylon::CInstantCamera *' at 0x7fbc579c3f90> > (at gfa_init.py)
2023-12-11 18:19:02,759 [INFO] Cam2 check <pypylon.pylon.InstantCamera; proxy of <Swig Object of type 'Pylon::CInstantCamera *' at 0x7fbc579c3c30> > (at gfa_init.py)
2023-12-11 18:19:02,928 [INFO] Cam3 check <pypylon.pylon.InstantCamera; proxy of <Swig Object of type 'Pylon::CInstantCamera *' at 0x7fbc579c3ae0> > (at gfa_init.py)
2023-12-11 18:19:02,928 [INFO] Connected the KSPEC GFA cameras (at gfa_init.py)
2023-12-11 18:19:02,928 [INFO] Done (at gfa_init.py)
2023-12-11 18:19:02,928 [INFO] Start Exposure Initializaton (at gfa_init.py)
2023-12-11 18:19:02,928 [INFO] Open Cams (at gfa_init.py)
2023-12-11 18:19:03,255 [INFO] check (at gfa_init.py)
2023-12-11 18:19:03,255 [INFO] Grab ready? (at gfa_init.py)
2023-12-11 18:19:03,446 [INFO] Grab ready. (at gfa_init.py)
2023-12-11 18:19:03,446 [INFO] Cam1 Grab (at gfa_init.py)
2023-12-11 18:19:03,726 [INFO] check (at gfa_init.py)
2023-12-11 18:19:03,727 [INFO] Cam2 Grab (at gfa_init.py)
2023-12-11 18:20:01,862 [INFO] Start the GFA sequence (at gfa_init.py)
2023-12-11 18:20:01,862 [INFO] Connect the KSPEC GFA cameras (at gfa_init.py)
2023-12-11 18:20:02,291 [INFO] Cam1 check <pypylon.pylon.InstantCamera; proxy of <Swig Object of type 'Pylon::CInstantCamera *' at 0x7fba4b0e9600> > (at gfa_init.py)
2023-12-11 18:20:02,450 [INFO] Cam2 check <pypylon.pylon.InstantCamera; proxy of <Swig Object of type 'Pylon::CInstantCamera *' at 0x7fba4b0e9690> > (at gfa_init.py)
2023-12-11 18:20:02,607 [INFO] Cam3 check <pypylon.pylon.InstantCamera; proxy of <Swig Object of type 'Pylon::CInstantCamera *' at 0x7fba4b0e9720> > (at gfa_init.py)
2023-12-11 18:20:02,607 [INFO] Connected the KSPEC GFA cameras (at gfa_init.py)
2023-12-11 18:20:02,607 [INFO] Done (at gfa_init.py)
2023-12-11 18:20:02,607 [INFO] Start Exposure Initializaton (at gfa_init.py)
2023-12-11 18:20:02,607 [INFO] Open Cams (at gfa_init.py)
2023-12-11 18:20:02,936 [INFO] check (at gfa_init.py)
2023-12-11 18:20:02,937 [INFO] Grab ready? (at gfa_init.py)
2023-12-11 18:20:03,136 [INFO] Grab ready. (at gfa_init.py)
2023-12-11 18:20:03,136 [INFO] Cam1 Grab (at gfa_init.py)
2023-12-11 18:20:03,415 [INFO] check (at gfa_init.py)
2023-12-11 18:20:03,416 [INFO] Cam2 Grab (at gfa_init.py)
2023-12-11 18:21:05,352 [INFO] Start the GFA sequence (at gfa_init.py)
2023-12-11 18:21:05,352 [INFO] Connect the KSPEC GFA cameras (at gfa_init.py)
2023-12-11 18:21:05,783 [INFO] Cam1 check <pypylon.pylon.InstantCamera; proxy of <Swig Object of type 'Pylon::CInstantCamera *' at 0x7fc6999e5540> > (at gfa_init.py)
2023-12-11 18:21:05,940 [INFO] Cam2 check <pypylon.pylon.InstantCamera; proxy of <Swig Object of type 'Pylon::CInstantCamera *' at 0x7fc6999e55d0> > (at gfa_init.py)
2023-12-11 18:21:06,099 [INFO] Cam3 check <pypylon.pylon.InstantCamera; proxy of <Swig Object of type 'Pylon::CInstantCamera *' at 0x7fc6999e5660> > (at gfa_init.py)
2023-12-11 18:21:06,100 [INFO] Connected the KSPEC GFA cameras (at gfa_init.py)
2023-12-11 18:21:06,100 [INFO] Done (at gfa_init.py)
2023-12-11 18:21:06,100 [INFO] Start Exposure Initializaton (at gfa_init.py)
2023-12-11 18:21:06,100 [INFO] Open Cams (at gfa_init.py)
2023-12-11 18:21:06,430 [INFO] check (at gfa_init.py)
2023-12-11 18:21:06,430 [INFO] Grab ready? (at gfa_init.py)
2023-12-11 18:21:06,626 [INFO] Grab ready. (at gfa_init.py)
2023-12-11 18:21:06,626 [INFO] Cam1 Grab (at gfa_init.py)
2023-12-11 18:22:04,890 [INFO] Start the GFA sequence (at gfa_init.py)
2023-12-11 18:22:04,890 [INFO] Connect the KSPEC GFA cameras (at gfa_init.py)
2023-12-11 18:22:05,316 [INFO] Cam1 check <pypylon.pylon.InstantCamera; proxy of <Swig Object of type 'Pylon::CInstantCamera *' at 0x7f891c8ea540> > (at gfa_init.py)
2023-12-11 18:22:05,479 [INFO] Cam2 check <pypylon.pylon.InstantCamera; proxy of <Swig Object of type 'Pylon::CInstantCamera *' at 0x7f891c8ea5d0> > (at gfa_init.py)
2023-12-11 18:22:05,650 [INFO] Cam3 check <pypylon.pylon.InstantCamera; proxy of <Swig Object of type 'Pylon::CInstantCamera *' at 0x7f891c8ea660> > (at gfa_init.py)
2023-12-11 18:22:05,650 [INFO] Connected the KSPEC GFA cameras (at gfa_init.py)
2023-12-11 18:22:05,650 [INFO] Done (at gfa_init.py)
2023-12-11 18:22:05,650 [INFO] Start Exposure Initializaton (at gfa_init.py)
2023-12-11 18:22:05,650 [INFO] Open Cams (at gfa_init.py)
2023-12-11 18:22:05,979 [INFO] check (at gfa_init.py)
2023-12-11 18:22:05,979 [INFO] Grab ready? (at gfa_init.py)
2023-12-11 18:22:06,176 [INFO] Grab ready. (at gfa_init.py)
2023-12-11 18:22:06,176 [INFO] Cam1 Grab (at gfa_init.py)
2023-12-11 18:41:50,108 [INFO] Start the GFA sequence (at gfa_init.py)
2023-12-11 18:41:50,108 [INFO] Connect the KSPEC GFA cameras (at gfa_init.py)
2023-12-11 18:41:50,384 [INFO] Cam array check (at gfa_init.py)
2023-12-11 18:41:50,384 [INFO] Connected the KSPEC GFA cameras (at gfa_init.py)
2023-12-11 18:41:50,385 [INFO] Done (at gfa_init.py)
2023-12-11 18:42:28,364 [INFO] Start the GFA sequence (at gfa_init.py)
2023-12-11 18:42:28,364 [INFO] Connect the KSPEC GFA cameras (at gfa_init.py)
2023-12-11 18:42:28,636 [INFO] Cam array check (at gfa_init.py)
2023-12-11 18:42:28,636 [INFO] Connected the KSPEC GFA cameras (at gfa_init.py)
2023-12-11 18:42:28,636 [INFO] Done (at gfa_init.py)
2023-12-11 18:42:28,636 [INFO] Start Exposure Initializaton (at gfa_init.py)
2023-12-11 18:42:28,636 [INFO] Open Cams (at gfa_init.py)
2023-12-11 18:44:24,762 [INFO] Start the GFA sequence (at gfa_init.py)
2023-12-11 18:44:24,762 [INFO] Connect the KSPEC GFA cameras (at gfa_init.py)
2023-12-11 18:44:25,034 [INFO] Cam array check (at gfa_init.py)
2023-12-11 18:44:25,034 [INFO] Connected the KSPEC GFA cameras (at gfa_init.py)
2023-12-11 18:44:25,034 [INFO] Done (at gfa_init.py)
2023-12-11 18:44:25,034 [INFO] Start Exposure Initializaton (at gfa_init.py)
2023-12-11 18:44:25,034 [INFO] Open Cams (at gfa_init.py)
2023-12-11 18:45:28,010 [INFO] Start the GFA sequence (at gfa_init.py)
2023-12-11 18:45:28,010 [INFO] Connect the KSPEC GFA cameras (at gfa_init.py)
2023-12-11 18:45:28,282 [INFO] <pypylon.pylon.InstantCameraArray; proxy of <Swig Object of type 'Pylon::CInstantCameraArray *' at 0x7f0de0daa4b0> > (at gfa_init.py)
2023-12-11 18:45:28,283 [INFO] Cam array check (at gfa_init.py)
2023-12-11 18:45:28,283 [INFO] Connected the KSPEC GFA cameras (at gfa_init.py)
2023-12-11 18:45:28,283 [INFO] Done (at gfa_init.py)
2023-12-11 18:45:28,283 [INFO] Start Exposure Initializaton (at gfa_init.py)
2023-12-11 18:45:28,283 [INFO] Open Cams (at gfa_init.py)
