2024-02-14 15:53:18,931 [ERROR] No Camera 9 (at grab.py)
2024-02-14 15:53:18,931 [ERROR] Camera: dict_keys(['Cam1', 'Cam2', 'Cam3', 'Cam4']) (at grab.py)
2024-02-14 15:54:43,607 [ERROR] No Camera 9 (at grab.py)
2024-02-14 15:54:43,607 [ERROR] Camera: dict_keys(['Cam1', 'Cam2', 'Cam3', 'Cam4']) (at grab.py)
2024-02-15 14:04:18,952 [ERROR] No Camera 1 (at grab.py)
2024-02-15 14:04:18,952 [ERROR] Camera: dict_keys(['Cam1', 'Cam2', 'Cam3', 'Cam4']) (at grab.py)
2024-02-15 14:13:36,682 [ERROR] No Camera 1 (at grab.py)
2024-02-15 14:13:36,683 [ERROR] Camera: dict_keys(['Cam1', 'Cam2', 'Cam3', 'Cam4']) (at grab.py)
2024-02-15 14:14:43,270 [ERROR] No Camera 1 (at grab.py)
2024-02-15 14:14:43,270 [ERROR] Camera: dict_keys(['Cam1', 'Cam2', 'Cam3', 'Cam4']) (at grab.py)
2024-04-02 17:00:29,860 [INFO] Class start (at grab.py)
2024-04-02 17:00:29,860 [INFO] read ../etc/cameras.yml (at grab.py)
2024-04-02 17:00:29,862 [INFO] return ../etc/cameras.yml (at grab.py)
2024-04-02 17:00:29,873 [INFO] Class init done (at grab.py)
2024-04-02 17:00:29,873 [INFO] process time: 0.013640403747558594 (at grab.py)
2024-04-02 17:00:29,873 [INFO] Func ready start (at grab.py)
2024-04-02 17:00:31,670 [INFO] Func ready done (at grab.py)
2024-04-02 17:00:31,670 [INFO] process time: 1.7960519790649414 (at grab.py)
2024-04-02 17:00:31,671 [INFO] Func open start (at grab.py)
2024-04-02 17:00:31,762 [INFO] Func open done (at grab.py)
2024-04-02 17:00:31,762 [INFO] process time: 0.09096717834472656 (at grab.py)
2024-04-02 17:00:31,762 [INFO] Func grab start (at grab.py)
2024-04-02 17:01:21,361 [INFO] Class start (at grab.py)
2024-04-02 17:01:21,361 [INFO] read ../etc/cameras.yml (at grab.py)
2024-04-02 17:01:21,363 [INFO] return ../etc/cameras.yml (at grab.py)
2024-04-02 17:01:21,375 [INFO] Class init done (at grab.py)
2024-04-02 17:01:21,375 [INFO] process time: 0.014252424240112305 (at grab.py)
2024-04-02 17:01:21,375 [INFO] Func ready start (at grab.py)
2024-04-02 17:01:23,147 [INFO] Func ready done (at grab.py)
2024-04-02 17:01:23,147 [INFO] process time: 1.7716875076293945 (at grab.py)
2024-04-02 17:01:23,148 [INFO] Func open start (at grab.py)
2024-04-02 17:01:23,242 [INFO] Func open done (at grab.py)
2024-04-02 17:01:23,242 [INFO] process time: 0.09353351593017578 (at grab.py)
2024-04-02 17:01:23,242 [INFO] Func grab start (at grab.py)
2024-04-02 17:01:41,947 [INFO] Class start (at grab.py)
2024-04-02 17:01:41,947 [INFO] read ../etc/cameras.yml (at grab.py)
2024-04-02 17:01:41,949 [INFO] return ../etc/cameras.yml (at grab.py)
2024-04-02 17:01:41,960 [INFO] Class init done (at grab.py)
2024-04-02 17:01:41,960 [INFO] process time: 0.013489961624145508 (at grab.py)
2024-04-02 17:01:41,960 [INFO] Func ready start (at grab.py)
2024-04-02 17:01:43,736 [INFO] Func ready done (at grab.py)
2024-04-02 17:01:43,736 [INFO] process time: 1.7754368782043457 (at grab.py)
2024-04-02 17:01:43,737 [INFO] Func open start (at grab.py)
2024-04-02 17:01:43,828 [INFO] Func open done (at grab.py)
2024-04-02 17:01:43,828 [INFO] process time: 0.0911569595336914 (at grab.py)
2024-04-02 17:01:43,829 [INFO] Func grab start (at grab.py)
2024-04-02 17:02:44,971 [INFO] Class start (at grab.py)
2024-04-02 17:02:44,971 [INFO] read ../etc/cameras.yml (at grab.py)
2024-04-02 17:02:44,973 [INFO] return ../etc/cameras.yml (at grab.py)
2024-04-02 17:02:44,985 [INFO] Class init done (at grab.py)
2024-04-02 17:02:44,985 [INFO] process time: 0.013729095458984375 (at grab.py)
2024-04-02 17:02:44,985 [INFO] Func ready start (at grab.py)
2024-04-02 17:02:46,749 [INFO] Func ready done (at grab.py)
2024-04-02 17:02:46,749 [INFO] process time: 1.764312744140625 (at grab.py)
2024-04-02 17:02:46,751 [INFO] Func open start (at grab.py)
2024-04-02 17:02:46,842 [INFO] Func open done (at grab.py)
2024-04-02 17:02:46,842 [INFO] process time: 0.09149432182312012 (at grab.py)
2024-04-02 17:02:46,843 [INFO] Func grab start (at grab.py)
2024-04-02 17:02:48,668 [INFO] Func grab done (at grab.py)
2024-04-02 17:02:48,668 [INFO] Exposure time: 1.0 (at grab.py)
2024-04-02 17:02:48,668 [INFO] process time: 1.8249502182006836 (at grab.py)
2024-04-02 17:02:48,669 [INFO] Func close start (at grab.py)
2024-04-02 17:02:48,671 [INFO] Func close done (at grab.py)
2024-04-02 17:02:48,671 [INFO] process time: 0.002089262008666992 (at grab.py)
2024-04-02 17:02:57,383 [INFO] Class start (at grab.py)
2024-04-02 17:02:57,383 [INFO] read ../etc/cameras.yml (at grab.py)
2024-04-02 17:02:57,385 [INFO] return ../etc/cameras.yml (at grab.py)
2024-04-02 17:02:57,397 [INFO] Class init done (at grab.py)
2024-04-02 17:02:57,397 [INFO] process time: 0.013515949249267578 (at grab.py)
2024-04-02 17:02:57,397 [INFO] Func ready start (at grab.py)
2024-04-02 17:02:59,239 [INFO] Func ready done (at grab.py)
2024-04-02 17:02:59,239 [INFO] process time: 1.8422510623931885 (at grab.py)
2024-04-02 17:02:59,241 [INFO] Func open start (at grab.py)
2024-04-02 17:02:59,337 [INFO] Func open done (at grab.py)
2024-04-02 17:02:59,337 [INFO] process time: 0.09643697738647461 (at grab.py)
2024-04-02 17:02:59,338 [INFO] Func grab start (at grab.py)
2024-04-02 17:03:55,046 [INFO] Class start (at grab.py)
2024-04-02 17:03:55,046 [INFO] read ../etc/cameras.yml (at grab.py)
2024-04-02 17:03:55,049 [INFO] return ../etc/cameras.yml (at grab.py)
2024-04-02 17:03:55,060 [INFO] Class init done (at grab.py)
2024-04-02 17:03:55,060 [INFO] process time: 0.013606786727905273 (at grab.py)
2024-04-02 17:03:55,060 [INFO] Func ready start (at grab.py)
2024-04-02 17:03:56,907 [INFO] Func ready done (at grab.py)
2024-04-02 17:03:56,907 [INFO] process time: 1.8467073440551758 (at grab.py)
2024-04-02 17:03:56,908 [INFO] Func open start (at grab.py)
2024-04-02 17:03:57,005 [INFO] Func open done (at grab.py)
2024-04-02 17:03:57,005 [INFO] process time: 0.09613800048828125 (at grab.py)
2024-04-02 17:03:57,005 [INFO] Func grab start (at grab.py)
2024-04-02 17:03:58,852 [INFO] Func grab done (at grab.py)
2024-04-02 17:03:58,852 [INFO] Exposure time: 1.0 (at grab.py)
2024-04-02 17:03:58,852 [INFO] process time: 1.846890926361084 (at grab.py)
2024-04-02 17:03:58,853 [INFO] Func close start (at grab.py)
2024-04-02 17:03:58,856 [INFO] Func close done (at grab.py)
2024-04-02 17:03:58,856 [INFO] process time: 0.003109455108642578 (at grab.py)
2024-04-02 17:04:04,928 [INFO] Class start (at grab.py)
2024-04-02 17:04:04,928 [INFO] read ../etc/cameras.yml (at grab.py)
2024-04-02 17:04:04,930 [INFO] return ../etc/cameras.yml (at grab.py)
2024-04-02 17:04:04,941 [INFO] Class init done (at grab.py)
2024-04-02 17:04:04,942 [INFO] process time: 0.013416767120361328 (at grab.py)
2024-04-02 17:04:04,942 [INFO] Func ready start (at grab.py)
2024-04-02 17:04:06,788 [INFO] Func ready done (at grab.py)
2024-04-02 17:04:06,788 [INFO] process time: 1.8463706970214844 (at grab.py)
2024-04-02 17:04:06,790 [INFO] Func open start (at grab.py)
2024-04-02 17:04:06,886 [INFO] Func open done (at grab.py)
2024-04-02 17:04:06,886 [INFO] process time: 0.09627509117126465 (at grab.py)
2024-04-02 17:04:06,886 [INFO] Func grab start (at grab.py)
2024-04-02 17:04:54,226 [INFO] Class start (at grab.py)
2024-04-02 17:04:54,226 [INFO] read ../etc/cameras.yml (at grab.py)
2024-04-02 17:04:54,228 [INFO] return ../etc/cameras.yml (at grab.py)
2024-04-02 17:04:54,240 [INFO] Class init done (at grab.py)
2024-04-02 17:04:54,240 [INFO] process time: 0.013525247573852539 (at grab.py)
2024-04-02 17:04:54,240 [INFO] Func ready start (at grab.py)
2024-04-02 17:04:56,090 [INFO] Func ready done (at grab.py)
2024-04-02 17:04:56,090 [INFO] process time: 1.8501365184783936 (at grab.py)
2024-04-02 17:04:56,092 [INFO] Func open start (at grab.py)
2024-04-02 17:04:56,188 [INFO] Func open done (at grab.py)
2024-04-02 17:04:56,188 [INFO] process time: 0.09603524208068848 (at grab.py)
2024-04-02 17:04:56,188 [INFO] Func grab start (at grab.py)
2024-04-02 17:10:13,397 [INFO] Class start (at grab.py)
2024-04-02 17:10:13,397 [INFO] read ../etc/cameras.yml (at grab.py)
2024-04-02 17:10:13,400 [INFO] return ../etc/cameras.yml (at grab.py)
2024-04-02 17:10:13,412 [INFO] Class init done (at grab.py)
2024-04-02 17:10:13,413 [INFO] process time: 0.015125036239624023 (at grab.py)
2024-04-02 17:10:13,413 [INFO] Func ready start (at grab.py)
2024-04-02 17:10:15,249 [INFO] Func ready done (at grab.py)
2024-04-02 17:10:15,249 [INFO] process time: 1.8367133140563965 (at grab.py)
2024-04-02 17:10:15,251 [INFO] Func open start (at grab.py)
2024-04-02 17:10:15,347 [INFO] Func open done (at grab.py)
2024-04-02 17:10:15,347 [INFO] process time: 0.09589719772338867 (at grab.py)
2024-04-02 17:10:15,347 [INFO] Func grab start (at grab.py)
2024-04-02 17:10:34,946 [INFO] Class start (at grab.py)
2024-04-02 17:10:34,946 [INFO] read ../etc/cameras.yml (at grab.py)
2024-04-02 17:10:34,948 [INFO] return ../etc/cameras.yml (at grab.py)
2024-04-02 17:10:34,959 [INFO] Class init done (at grab.py)
2024-04-02 17:10:34,960 [INFO] process time: 0.013533830642700195 (at grab.py)
2024-04-02 17:10:34,960 [INFO] Func ready start (at grab.py)
2024-04-02 17:10:36,812 [INFO] Func ready done (at grab.py)
2024-04-02 17:10:36,813 [INFO] process time: 1.852898120880127 (at grab.py)
2024-04-02 17:10:36,814 [INFO] Func open start (at grab.py)
2024-04-02 17:10:36,911 [INFO] Func open done (at grab.py)
2024-04-02 17:10:36,911 [INFO] process time: 0.09695839881896973 (at grab.py)
2024-04-02 17:10:36,912 [INFO] Func grab start (at grab.py)
2024-04-02 17:10:48,277 [INFO] Class start (at grab.py)
2024-04-02 17:10:48,277 [INFO] read ../etc/cameras.yml (at grab.py)
2024-04-02 17:10:48,279 [INFO] return ../etc/cameras.yml (at grab.py)
2024-04-02 17:10:48,291 [INFO] Class init done (at grab.py)
2024-04-02 17:10:48,291 [INFO] process time: 0.013487100601196289 (at grab.py)
2024-04-02 17:10:48,291 [INFO] Func ready start (at grab.py)
2024-04-02 17:10:50,131 [INFO] Func ready done (at grab.py)
2024-04-02 17:10:50,131 [INFO] process time: 1.839989423751831 (at grab.py)
2024-04-02 17:10:50,132 [INFO] Func open start (at grab.py)
2024-04-02 17:10:50,228 [INFO] Func open done (at grab.py)
2024-04-02 17:10:50,228 [INFO] process time: 0.09599137306213379 (at grab.py)
2024-04-02 17:10:50,229 [INFO] Func grab start (at grab.py)
2024-04-02 17:11:02,616 [INFO] Class start (at grab.py)
2024-04-02 17:11:02,616 [INFO] read ../etc/cameras.yml (at grab.py)
2024-04-02 17:11:02,619 [INFO] return ../etc/cameras.yml (at grab.py)
2024-04-02 17:11:02,630 [INFO] Class init done (at grab.py)
2024-04-02 17:11:02,630 [INFO] process time: 0.013976097106933594 (at grab.py)
2024-04-02 17:11:02,630 [INFO] Func ready start (at grab.py)
2024-04-02 17:11:04,460 [INFO] Func ready done (at grab.py)
2024-04-02 17:11:04,460 [INFO] process time: 1.8298048973083496 (at grab.py)
2024-04-02 17:11:04,462 [INFO] Func open start (at grab.py)
2024-04-02 17:11:04,559 [INFO] Func open done (at grab.py)
2024-04-02 17:11:04,559 [INFO] process time: 0.09675002098083496 (at grab.py)
2024-04-02 17:11:04,559 [INFO] Func grab start (at grab.py)
2024-04-02 17:11:06,416 [INFO] Func grab done (at grab.py)
2024-04-02 17:11:06,417 [INFO] Exposure time: 1.0 (at grab.py)
2024-04-02 17:11:06,417 [INFO] process time: 1.85752534866333 (at grab.py)
2024-04-02 17:11:06,418 [INFO] Func close start (at grab.py)
2024-04-02 17:11:06,421 [INFO] Func close done (at grab.py)
2024-04-02 17:11:06,421 [INFO] process time: 0.003073453903198242 (at grab.py)
2024-04-02 17:11:12,752 [INFO] Class start (at grab.py)
2024-04-02 17:11:12,752 [INFO] read ../etc/cameras.yml (at grab.py)
2024-04-02 17:11:12,754 [INFO] return ../etc/cameras.yml (at grab.py)
2024-04-02 17:11:12,766 [INFO] Class init done (at grab.py)
2024-04-02 17:11:12,766 [INFO] process time: 0.013984441757202148 (at grab.py)
2024-04-02 17:11:12,766 [INFO] Func ready start (at grab.py)
2024-04-02 17:11:14,539 [INFO] Func ready done (at grab.py)
2024-04-02 17:11:14,539 [INFO] process time: 1.772984266281128 (at grab.py)
2024-04-02 17:11:14,540 [INFO] Func open start (at grab.py)
2024-04-02 17:11:14,632 [INFO] Func open done (at grab.py)
2024-04-02 17:11:14,632 [INFO] process time: 0.0911552906036377 (at grab.py)
2024-04-02 17:11:14,632 [INFO] Func grab start (at grab.py)
2024-04-02 17:11:16,485 [INFO] Func grab done (at grab.py)
2024-04-02 17:11:16,485 [INFO] Exposure time: 1.0 (at grab.py)
2024-04-02 17:11:16,485 [INFO] process time: 1.8530051708221436 (at grab.py)
2024-04-02 17:11:16,486 [INFO] Func close start (at grab.py)
2024-04-02 17:11:16,488 [INFO] Func close done (at grab.py)
2024-04-02 17:11:16,488 [INFO] process time: 0.001954317092895508 (at grab.py)
