2024-02-14 15:52:54,331 [ERROR] No Camera 8 (at status.py)
2024-02-14 15:52:54,331 [ERROR] Camera: dict_keys(['Cam1', 'Cam2', 'Cam3', 'Cam4']) (at status.py)
2024-02-14 15:55:09,055 [ERROR] No Camera 89 (at status.py)
2024-02-14 15:55:09,055 [ERROR] Camera: dict_keys(['Cam1', 'Cam2', 'Cam3', 'Cam4']) (at status.py)
2024-02-14 15:57:08,687 [ERROR] No config (at status.py)
2024-02-14 15:57:08,687 [ERROR] No config (at status.py)
2024-02-14 15:57:31,104 [ERROR] No config (at status.py)
2024-02-14 15:57:31,104 [ERROR] No config (at status.py)
2024-02-14 15:57:48,534 [ERROR] No config (at status.py)
2024-02-14 15:57:48,534 [ERROR] No config (at status.py)
2024-02-14 15:59:01,483 [ERROR] No config (at status.py)
2024-02-14 15:59:01,483 [ERROR] No config (at status.py)
2024-02-14 16:04:50,605 [ERROR] No config (at status.py)
2024-02-14 16:04:50,605 [ERROR] No config (at status.py)
2024-02-15 11:48:29,280 [ERROR] No Camera (0,) (at status.py)
2024-02-15 11:48:29,280 [ERROR] Camera: dict_keys(['Cam1', 'Cam2', 'Cam3', 'Cam4']) (at status.py)
2024-02-15 13:12:14,783 [ERROR] No Camera () (at status.py)
2024-02-15 13:12:14,783 [ERROR] Camera: dict_keys(['Cam1', 'Cam2', 'Cam3', 'Cam4']) (at status.py)
2024-02-15 13:12:37,859 [ERROR] No Camera () (at status.py)
2024-02-15 13:12:37,859 [ERROR] Camera: dict_keys(['Cam1', 'Cam2', 'Cam3', 'Cam4']) (at status.py)
2024-02-15 13:12:48,037 [ERROR] No Camera () (at status.py)
2024-02-15 13:12:48,037 [ERROR] Camera: dict_keys(['Cam1', 'Cam2', 'Cam3', 'Cam4']) (at status.py)
2024-02-15 13:12:50,816 [ERROR] No Camera (0,) (at status.py)
2024-02-15 13:12:50,816 [ERROR] Camera: dict_keys(['Cam1', 'Cam2', 'Cam3', 'Cam4']) (at status.py)
2024-02-15 13:12:59,154 [ERROR] No Camera (1, 2) (at status.py)
2024-02-15 13:12:59,154 [ERROR] Camera: dict_keys(['Cam1', 'Cam2', 'Cam3', 'Cam4']) (at status.py)
2024-02-15 13:16:06,218 [ERROR] No Camera (0,) (at status.py)
2024-02-15 13:16:06,218 [ERROR] Camera: dict_keys(['Cam1', 'Cam2', 'Cam3', 'Cam4']) (at status.py)
2024-02-15 13:29:10,624 [ERROR] No Camera 0 (at status.py)
2024-02-15 13:29:10,624 [ERROR] Camera: dict_keys(['Cam1', 'Cam2', 'Cam3', 'Cam4']) (at status.py)
2024-02-15 13:29:15,987 [ERROR] No Camera 1 (at status.py)
2024-02-15 13:29:15,987 [ERROR] Camera: dict_keys(['Cam1', 'Cam2', 'Cam3', 'Cam4']) (at status.py)
2024-02-15 13:29:55,475 [ERROR] No Camera 0 (at status.py)
2024-02-15 13:29:55,475 [ERROR] Camera: dict_keys(['Cam1', 'Cam2', 'Cam3', 'Cam4']) (at status.py)
2024-02-15 13:30:30,858 [ERROR] No Camera 5 (at status.py)
2024-02-15 13:30:30,858 [ERROR] Camera: dict_keys(['Cam1', 'Cam2', 'Cam3', 'Cam4']) (at status.py)
2024-02-15 13:43:40,498 [ERROR] No Camera (0,) (at status.py)
2024-02-15 13:43:40,498 [ERROR] Camera: dict_keys(['Cam1', 'Cam2', 'Cam3', 'Cam4']) (at status.py)
2024-02-15 13:50:08,177 [ERROR] No Camera 5 (at status.py)
2024-02-15 13:50:08,177 [ERROR] Camera: dict_keys(['Cam1', 'Cam2', 'Cam3', 'Cam4']) (at status.py)
2024-02-15 14:13:21,510 [ERROR] No Camera 5 (at status.py)
2024-02-15 14:13:21,510 [ERROR] Camera: dict_keys(['Cam1', 'Cam2', 'Cam3', 'Cam4']) (at status.py)
2024-02-15 14:14:46,815 [ERROR] No Camera 5 (at status.py)
2024-02-15 14:14:46,815 [ERROR] Camera: dict_keys(['Cam1', 'Cam2', 'Cam3', 'Cam4']) (at status.py)
2024-02-15 14:40:35,557 [INFO] Func start 2024-02-15 14:40:35 (at status.py)
2024-02-15 14:40:35,557 [INFO] read ../etc/cameras.yml (at status.py)
2024-02-15 14:40:35,559 [INFO] {'GfaController': {'Name': 'GfaController', 'Description': '.', 'Elements': {'Cameras': {'Description': 'Cameras connected with an KSPEC Controller', 'Elements': {'Cam1': {'Name': 'GFA Camera 1', 'Number': 1, 'ModelName': 'a2A5328-4gmPRO', 'SerialNumber': 40103667, 'IpAddress': '192.168.5.33', 'SubnetMask': '255.255.255.0'}, 'Cam2': {'Name': 'GFA Camera 2', 'Number': 2, 'ModelName': 'a2A5328-4gmPRO', 'SerialNumber': 40103831, 'IpAddress': '192.168.10.3', 'SubnetMask': '255.255.255.0'}, 'Cam3': {'Name': 'GFA Camera 3', 'Number': 3, 'ModelName': 'a2A5328-4gmPRO', 'SerialNumber': 40103833, 'IpAddress': '192.168.8.3', 'SubnetMask': '255.255.255.0'}, 'Cam4': {'Name': 'GFA Camera 4', 'Number': 4, 'ModelName': 'a2A5328-4gmPRO', 'SerialNumber': 40103834, 'IpAddress': '192.168.9.3', 'SubnetMask': '255.255.255.0'}}}}}} (at status.py)
2024-02-15 14:40:35,559 [INFO] return ../etc/cameras.yml (at status.py)
2024-02-15 14:40:35,567 [INFO] Func done 2024-02-15 14:40:35 (at status.py)
2024-02-15 14:40:35,567 [INFO] process time: 0.009763240814208984 (at status.py)
2024-02-15 14:40:35,567 [INFO] Func start 2024-02-15 14:40:35 (at status.py)
2024-02-15 14:40:35,832 [INFO] Func done 2024-02-15 14:40:35 (at status.py)
2024-02-15 14:40:35,832 [INFO] process time: 0.26520729064941406 (at status.py)
2024-02-15 14:40:38,881 [INFO] Func start 2024-02-15 14:40:38 (at status.py)
2024-02-15 14:40:38,881 [INFO] read ../etc/cameras.yml (at status.py)
2024-02-15 14:40:38,883 [INFO] {'GfaController': {'Name': 'GfaController', 'Description': '.', 'Elements': {'Cameras': {'Description': 'Cameras connected with an KSPEC Controller', 'Elements': {'Cam1': {'Name': 'GFA Camera 1', 'Number': 1, 'ModelName': 'a2A5328-4gmPRO', 'SerialNumber': 40103667, 'IpAddress': '192.168.5.33', 'SubnetMask': '255.255.255.0'}, 'Cam2': {'Name': 'GFA Camera 2', 'Number': 2, 'ModelName': 'a2A5328-4gmPRO', 'SerialNumber': 40103831, 'IpAddress': '192.168.10.3', 'SubnetMask': '255.255.255.0'}, 'Cam3': {'Name': 'GFA Camera 3', 'Number': 3, 'ModelName': 'a2A5328-4gmPRO', 'SerialNumber': 40103833, 'IpAddress': '192.168.8.3', 'SubnetMask': '255.255.255.0'}, 'Cam4': {'Name': 'GFA Camera 4', 'Number': 4, 'ModelName': 'a2A5328-4gmPRO', 'SerialNumber': 40103834, 'IpAddress': '192.168.9.3', 'SubnetMask': '255.255.255.0'}}}}}} (at status.py)
2024-02-15 14:40:38,883 [INFO] return ../etc/cameras.yml (at status.py)
2024-02-15 14:40:38,891 [INFO] Func done 2024-02-15 14:40:38 (at status.py)
2024-02-15 14:40:38,891 [INFO] process time: 0.010132074356079102 (at status.py)
2024-02-15 14:40:38,891 [INFO] Func start 2024-02-15 14:40:38 (at status.py)
2024-02-15 14:40:39,953 [INFO] Func done 2024-02-15 14:40:39 (at status.py)
2024-02-15 14:40:39,953 [INFO] process time: 1.0612859725952148 (at status.py)
2024-02-15 14:47:56,200 [INFO] Class start (at status.py)
2024-02-15 14:47:56,200 [INFO] read ../etc/cameras.yml (at status.py)
2024-02-15 14:47:56,202 [INFO] return ../etc/cameras.yml (at status.py)
2024-02-15 14:47:56,210 [INFO] Class init done (at status.py)
2024-02-15 14:47:56,210 [INFO] process time: 0.009687423706054688 (at status.py)
2024-02-15 14:47:56,210 [INFO] Func status start (at status.py)
2024-02-15 14:47:57,252 [INFO] Func status done (at status.py)
2024-02-15 14:47:57,253 [INFO] process time: 1.0423269271850586 (at status.py)
2024-02-15 14:48:27,851 [INFO] Class start (at status.py)
2024-02-15 14:48:27,851 [INFO] read ../etc/cameras.yml (at status.py)
2024-02-15 14:48:27,853 [INFO] return ../etc/cameras.yml (at status.py)
2024-02-15 14:48:27,860 [INFO] Class init done (at status.py)
2024-02-15 14:48:27,861 [INFO] process time: 0.009731769561767578 (at status.py)
2024-02-15 14:48:27,861 [INFO] Func status start (at status.py)
2024-02-15 14:48:28,125 [INFO] Func status done (at status.py)
2024-02-15 14:48:28,125 [INFO] process time: 0.26450419425964355 (at status.py)
2024-02-15 14:49:20,120 [INFO] Class start (at status.py)
2024-02-15 14:49:20,120 [INFO] read ../etc/cameras.yml (at status.py)
2024-02-15 14:49:20,122 [INFO] return ../etc/cameras.yml (at status.py)
2024-02-15 14:49:20,129 [INFO] Class init done (at status.py)
2024-02-15 14:49:20,129 [INFO] process time: 0.009675264358520508 (at status.py)
2024-02-15 14:49:20,129 [INFO] Func status start (at status.py)
2024-02-15 14:49:20,395 [INFO] Func status done (at status.py)
2024-02-15 14:49:20,395 [INFO] process time: 0.26509928703308105 (at status.py)
2024-02-15 14:49:20,395 [INFO] Class start (at status.py)
2024-02-15 14:49:20,395 [INFO] read ../etc/cameras.yml (at status.py)
2024-02-15 14:49:20,397 [INFO] return ../etc/cameras.yml (at status.py)
2024-02-15 14:49:20,397 [INFO] Class init done (at status.py)
2024-02-15 14:49:20,397 [INFO] process time: 0.0019872188568115234 (at status.py)
2024-02-15 14:49:20,397 [INFO] Func status start (at status.py)
2024-02-15 14:49:20,657 [INFO] Func status done (at status.py)
2024-02-15 14:49:20,657 [INFO] process time: 0.26004934310913086 (at status.py)
2024-02-15 15:19:19,260 [INFO] Class start (at status.py)
2024-02-15 15:19:19,260 [INFO] read ../etc/cameras.yml (at status.py)
2024-02-15 15:19:19,262 [INFO] return ../etc/cameras.yml (at status.py)
2024-02-15 15:19:19,270 [INFO] Class init done (at status.py)
2024-02-15 15:19:19,270 [INFO] process time: 0.009831428527832031 (at status.py)
2024-02-15 15:19:19,270 [INFO] Func status start (at status.py)
2024-02-15 15:19:20,313 [INFO] Func status done (at status.py)
2024-02-15 15:19:20,313 [INFO] process time: 1.0430102348327637 (at status.py)
2024-02-15 15:34:38,295 [INFO] Class start (at status.py)
2024-02-15 15:34:38,295 [INFO] read ../etc/cameras.yml (at status.py)
2024-02-15 15:34:38,297 [INFO] return ../etc/cameras.yml (at status.py)
2024-02-15 15:34:38,305 [INFO] Class init done (at status.py)
2024-02-15 15:34:38,305 [INFO] process time: 0.009963274002075195 (at status.py)
2024-02-15 15:34:38,305 [INFO] Func status start (at status.py)
2024-02-15 15:34:38,570 [INFO] Func status done (at status.py)
2024-02-15 15:34:38,570 [INFO] process time: 0.26493024826049805 (at status.py)
2024-02-15 15:34:38,570 [INFO] Class start (at status.py)
2024-02-15 15:34:38,570 [INFO] read ../etc/cameras.yml (at status.py)
2024-02-15 15:34:38,572 [INFO] return ../etc/cameras.yml (at status.py)
2024-02-15 15:34:38,572 [INFO] Class init done (at status.py)
2024-02-15 15:34:38,572 [INFO] process time: 0.002094268798828125 (at status.py)
2024-02-15 15:34:38,572 [INFO] Func status start (at status.py)
2024-02-15 15:34:38,832 [INFO] Func status done (at status.py)
2024-02-15 15:34:38,832 [INFO] process time: 0.2596304416656494 (at status.py)
2024-02-15 15:34:38,832 [INFO] Class start (at status.py)
2024-02-15 15:34:38,832 [INFO] read ../etc/cameras.yml (at status.py)
2024-02-15 15:34:38,834 [INFO] return ../etc/cameras.yml (at status.py)
2024-02-15 15:34:38,834 [INFO] Class init done (at status.py)
2024-02-15 15:34:38,834 [INFO] process time: 0.0020232200622558594 (at status.py)
2024-02-15 15:34:38,834 [INFO] Func status start (at status.py)
2024-02-15 15:34:39,100 [INFO] Func status done (at status.py)
2024-02-15 15:34:39,100 [INFO] process time: 0.26622819900512695 (at status.py)
2024-02-15 15:35:14,026 [INFO] Class start (at status.py)
2024-02-15 15:35:14,026 [INFO] read ../etc/cameras.yml (at status.py)
2024-02-15 15:35:14,028 [INFO] return ../etc/cameras.yml (at status.py)
2024-02-15 15:35:14,036 [INFO] Class init done (at status.py)
2024-02-15 15:35:14,036 [INFO] process time: 0.009796142578125 (at status.py)
2024-02-15 15:35:14,036 [INFO] Func status start (at status.py)
2024-02-15 15:35:15,079 [INFO] Func status done (at status.py)
2024-02-15 15:35:15,079 [INFO] process time: 1.0430586338043213 (at status.py)
2024-02-15 16:11:43,774 [INFO] Class start (at status.py)
2024-02-15 16:11:43,774 [INFO] read ../etc/cameras.yml (at status.py)
2024-02-15 16:11:43,776 [INFO] return ../etc/cameras.yml (at status.py)
2024-02-15 16:11:43,784 [INFO] Class init done (at status.py)
2024-02-15 16:11:43,784 [INFO] process time: 0.009882688522338867 (at status.py)
2024-02-15 16:11:43,784 [INFO] Func status start (at status.py)
2024-02-15 16:11:44,828 [INFO] Func status done (at status.py)
2024-02-15 16:11:44,828 [INFO] process time: 1.0437169075012207 (at status.py)
2024-04-02 16:59:55,132 [INFO] Class start (at status.py)
2024-04-02 16:59:55,132 [INFO] read ../etc/cameras.yml (at status.py)
2024-04-02 16:59:55,134 [INFO] return ../etc/cameras.yml (at status.py)
2024-04-02 16:59:55,166 [INFO] Class init done (at status.py)
2024-04-02 16:59:55,166 [INFO] process time: 0.03384709358215332 (at status.py)
2024-04-02 16:59:55,166 [INFO] Func status start (at status.py)
2024-04-02 16:59:56,477 [INFO] Func status done (at status.py)
2024-04-02 16:59:56,477 [INFO] process time: 1.3108930587768555 (at status.py)
2024-04-02 17:00:07,828 [INFO] Class start (at status.py)
2024-04-02 17:00:07,828 [INFO] read ../etc/cameras.yml (at status.py)
2024-04-02 17:00:07,830 [INFO] return ../etc/cameras.yml (at status.py)
2024-04-02 17:00:07,841 [INFO] Class init done (at status.py)
2024-04-02 17:00:07,842 [INFO] process time: 0.013427495956420898 (at status.py)
2024-04-02 17:00:07,842 [INFO] Func status start (at status.py)
2024-04-02 17:00:09,145 [INFO] Func status done (at status.py)
2024-04-02 17:00:09,146 [INFO] process time: 1.3038499355316162 (at status.py)
2024-04-02 17:11:33,812 [INFO] Class start (at status.py)
2024-04-02 17:11:33,812 [INFO] read ../etc/cameras.yml (at status.py)
2024-04-02 17:11:33,814 [INFO] return ../etc/cameras.yml (at status.py)
2024-04-02 17:11:33,826 [INFO] Class init done (at status.py)
2024-04-02 17:11:33,826 [INFO] process time: 0.013978004455566406 (at status.py)
2024-04-02 17:11:33,826 [INFO] Func status start (at status.py)
2024-04-02 17:11:35,131 [INFO] Func status done (at status.py)
2024-04-02 17:11:35,132 [INFO] process time: 1.3055129051208496 (at status.py)
2024-04-12 15:15:03,707 [INFO] Class start (at status.py)
2024-04-12 15:15:03,708 [INFO] read ../etc/cameras.yml (at status.py)
2024-04-12 15:15:03,710 [INFO] return ../etc/cameras.yml (at status.py)
2024-04-12 15:15:03,734 [INFO] Class init done (at status.py)
2024-04-12 15:15:03,734 [INFO] process time: 0.02673649787902832 (at status.py)
2024-04-12 15:15:03,734 [INFO] Func status start (at status.py)
2024-04-12 15:15:05,043 [INFO] Func status done (at status.py)
2024-04-12 15:15:05,043 [INFO] process time: 1.3084609508514404 (at status.py)
