2023-12-11 18:19:02,157 [INFO] Start the GFA sequence (at gfa_init.py)
2023-12-11 18:19:02,157 [INFO] Connect the KSPEC GFA cameras (at gfa_init.py)
2023-12-11 18:19:02,588 [INFO] Cam1 check <pypylon.pylon.InstantCamera; proxy of <Swig Object of type 'Pylon::CInstantCamera *' at 0x7fbc579c3f90> > (at gfa_init.py)
2023-12-11 18:19:02,759 [INFO] Cam2 check <pypylon.pylon.InstantCamera; proxy of <Swig Object of type 'Pylon::CInstantCamera *' at 0x7fbc579c3c30> > (at gfa_init.py)
2023-12-11 18:19:02,928 [INFO] Cam3 check <pypylon.pylon.InstantCamera; proxy of <Swig Object of type 'Pylon::CInstantCamera *' at 0x7fbc579c3ae0> > (at gfa_init.py)
2023-12-11 18:19:02,928 [INFO] Connected the KSPEC GFA cameras (at gfa_init.py)
2023-12-11 18:19:02,928 [INFO] Done (at gfa_init.py)
2023-12-11 18:19:02,928 [INFO] Start Exposure Initializaton (at gfa_init.py)
2023-12-11 18:19:02,928 [INFO] Open Cams (at gfa_init.py)
2023-12-11 18:19:03,255 [INFO] check (at gfa_init.py)
2023-12-11 18:19:03,255 [INFO] Grab ready? (at gfa_init.py)
2023-12-11 18:19:03,446 [INFO] Grab ready. (at gfa_init.py)
2023-12-11 18:19:03,446 [INFO] Cam1 Grab (at gfa_init.py)
2023-12-11 18:19:03,726 [INFO] check (at gfa_init.py)
2023-12-11 18:19:03,727 [INFO] Cam2 Grab (at gfa_init.py)
2023-12-11 18:20:01,862 [INFO] Start the GFA sequence (at gfa_init.py)
2023-12-11 18:20:01,862 [INFO] Connect the KSPEC GFA cameras (at gfa_init.py)
2023-12-11 18:20:02,291 [INFO] Cam1 check <pypylon.pylon.InstantCamera; proxy of <Swig Object of type 'Pylon::CInstantCamera *' at 0x7fba4b0e9600> > (at gfa_init.py)
2023-12-11 18:20:02,450 [INFO] Cam2 check <pypylon.pylon.InstantCamera; proxy of <Swig Object of type 'Pylon::CInstantCamera *' at 0x7fba4b0e9690> > (at gfa_init.py)
2023-12-11 18:20:02,607 [INFO] Cam3 check <pypylon.pylon.InstantCamera; proxy of <Swig Object of type 'Pylon::CInstantCamera *' at 0x7fba4b0e9720> > (at gfa_init.py)
2023-12-11 18:20:02,607 [INFO] Connected the KSPEC GFA cameras (at gfa_init.py)
2023-12-11 18:20:02,607 [INFO] Done (at gfa_init.py)
2023-12-11 18:20:02,607 [INFO] Start Exposure Initializaton (at gfa_init.py)
2023-12-11 18:20:02,607 [INFO] Open Cams (at gfa_init.py)
2023-12-11 18:20:02,936 [INFO] check (at gfa_init.py)
2023-12-11 18:20:02,937 [INFO] Grab ready? (at gfa_init.py)
2023-12-11 18:20:03,136 [INFO] Grab ready. (at gfa_init.py)
2023-12-11 18:20:03,136 [INFO] Cam1 Grab (at gfa_init.py)
2023-12-11 18:20:03,415 [INFO] check (at gfa_init.py)
2023-12-11 18:20:03,416 [INFO] Cam2 Grab (at gfa_init.py)
2023-12-11 18:21:05,352 [INFO] Start the GFA sequence (at gfa_init.py)
2023-12-11 18:21:05,352 [INFO] Connect the KSPEC GFA cameras (at gfa_init.py)
2023-12-11 18:21:05,783 [INFO] Cam1 check <pypylon.pylon.InstantCamera; proxy of <Swig Object of type 'Pylon::CInstantCamera *' at 0x7fc6999e5540> > (at gfa_init.py)
2023-12-11 18:21:05,940 [INFO] Cam2 check <pypylon.pylon.InstantCamera; proxy of <Swig Object of type 'Pylon::CInstantCamera *' at 0x7fc6999e55d0> > (at gfa_init.py)
2023-12-11 18:21:06,099 [INFO] Cam3 check <pypylon.pylon.InstantCamera; proxy of <Swig Object of type 'Pylon::CInstantCamera *' at 0x7fc6999e5660> > (at gfa_init.py)
2023-12-11 18:21:06,100 [INFO] Connected the KSPEC GFA cameras (at gfa_init.py)
2023-12-11 18:21:06,100 [INFO] Done (at gfa_init.py)
2023-12-11 18:21:06,100 [INFO] Start Exposure Initializaton (at gfa_init.py)
2023-12-11 18:21:06,100 [INFO] Open Cams (at gfa_init.py)
2023-12-11 18:21:06,430 [INFO] check (at gfa_init.py)
2023-12-11 18:21:06,430 [INFO] Grab ready? (at gfa_init.py)
2023-12-11 18:21:06,626 [INFO] Grab ready. (at gfa_init.py)
2023-12-11 18:21:06,626 [INFO] Cam1 Grab (at gfa_init.py)
2023-12-11 18:22:04,890 [INFO] Start the GFA sequence (at gfa_init.py)
2023-12-11 18:22:04,890 [INFO] Connect the KSPEC GFA cameras (at gfa_init.py)
2023-12-11 18:22:05,316 [INFO] Cam1 check <pypylon.pylon.InstantCamera; proxy of <Swig Object of type 'Pylon::CInstantCamera *' at 0x7f891c8ea540> > (at gfa_init.py)
2023-12-11 18:22:05,479 [INFO] Cam2 check <pypylon.pylon.InstantCamera; proxy of <Swig Object of type 'Pylon::CInstantCamera *' at 0x7f891c8ea5d0> > (at gfa_init.py)
2023-12-11 18:22:05,650 [INFO] Cam3 check <pypylon.pylon.InstantCamera; proxy of <Swig Object of type 'Pylon::CInstantCamera *' at 0x7f891c8ea660> > (at gfa_init.py)
2023-12-11 18:22:05,650 [INFO] Connected the KSPEC GFA cameras (at gfa_init.py)
2023-12-11 18:22:05,650 [INFO] Done (at gfa_init.py)
2023-12-11 18:22:05,650 [INFO] Start Exposure Initializaton (at gfa_init.py)
2023-12-11 18:22:05,650 [INFO] Open Cams (at gfa_init.py)
2023-12-11 18:22:05,979 [INFO] check (at gfa_init.py)
2023-12-11 18:22:05,979 [INFO] Grab ready? (at gfa_init.py)
2023-12-11 18:22:06,176 [INFO] Grab ready. (at gfa_init.py)
2023-12-11 18:22:06,176 [INFO] Cam1 Grab (at gfa_init.py)
2023-12-11 18:41:50,108 [INFO] Start the GFA sequence (at gfa_init.py)
2023-12-11 18:41:50,108 [INFO] Connect the KSPEC GFA cameras (at gfa_init.py)
2023-12-11 18:41:50,384 [INFO] Cam array check (at gfa_init.py)
2023-12-11 18:41:50,384 [INFO] Connected the KSPEC GFA cameras (at gfa_init.py)
2023-12-11 18:41:50,385 [INFO] Done (at gfa_init.py)
2023-12-11 18:42:28,364 [INFO] Start the GFA sequence (at gfa_init.py)
2023-12-11 18:42:28,364 [INFO] Connect the KSPEC GFA cameras (at gfa_init.py)
2023-12-11 18:42:28,636 [INFO] Cam array check (at gfa_init.py)
2023-12-11 18:42:28,636 [INFO] Connected the KSPEC GFA cameras (at gfa_init.py)
2023-12-11 18:42:28,636 [INFO] Done (at gfa_init.py)
2023-12-11 18:42:28,636 [INFO] Start Exposure Initializaton (at gfa_init.py)
2023-12-11 18:42:28,636 [INFO] Open Cams (at gfa_init.py)
2023-12-11 18:44:24,762 [INFO] Start the GFA sequence (at gfa_init.py)
2023-12-11 18:44:24,762 [INFO] Connect the KSPEC GFA cameras (at gfa_init.py)
2023-12-11 18:44:25,034 [INFO] Cam array check (at gfa_init.py)
2023-12-11 18:44:25,034 [INFO] Connected the KSPEC GFA cameras (at gfa_init.py)
2023-12-11 18:44:25,034 [INFO] Done (at gfa_init.py)
2023-12-11 18:44:25,034 [INFO] Start Exposure Initializaton (at gfa_init.py)
2023-12-11 18:44:25,034 [INFO] Open Cams (at gfa_init.py)
2023-12-11 18:45:28,010 [INFO] Start the GFA sequence (at gfa_init.py)
2023-12-11 18:45:28,010 [INFO] Connect the KSPEC GFA cameras (at gfa_init.py)
2023-12-11 18:45:28,282 [INFO] <pypylon.pylon.InstantCameraArray; proxy of <Swig Object of type 'Pylon::CInstantCameraArray *' at 0x7f0de0daa4b0> > (at gfa_init.py)
2023-12-11 18:45:28,283 [INFO] Cam array check (at gfa_init.py)
2023-12-11 18:45:28,283 [INFO] Connected the KSPEC GFA cameras (at gfa_init.py)
2023-12-11 18:45:28,283 [INFO] Done (at gfa_init.py)
2023-12-11 18:45:28,283 [INFO] Start Exposure Initializaton (at gfa_init.py)
2023-12-11 18:45:28,283 [INFO] Open Cams (at gfa_init.py)
2023-12-12 15:13:19,425 [INFO] Start the GFA sequence (at gfa_init.py)
2023-12-12 15:13:19,425 [INFO] Connect the KSPEC GFA cameras (at gfa_init.py)
2023-12-12 15:13:19,698 [INFO] <pypylon.pylon.InstantCameraArray; proxy of <Swig Object of type 'Pylon::CInstantCameraArray *' at 0x7f665b36a480> > (at gfa_init.py)
2023-12-12 15:13:19,698 [INFO] Cam array check (at gfa_init.py)
2023-12-12 15:13:19,698 [INFO] Connected the KSPEC GFA cameras (at gfa_init.py)
2023-12-12 15:13:19,698 [INFO] Done (at gfa_init.py)
2023-12-12 15:13:19,698 [INFO] Start Exposure Initializaton (at gfa_init.py)
2023-12-12 15:13:19,698 [INFO] Open Cams (at gfa_init.py)
2023-12-12 15:13:27,911 [INFO] Start the GFA sequence (at gfa_init.py)
2023-12-12 15:13:27,911 [INFO] Connect the KSPEC GFA cameras (at gfa_init.py)
2023-12-12 15:13:28,183 [INFO] <pypylon.pylon.InstantCameraArray; proxy of <Swig Object of type 'Pylon::CInstantCameraArray *' at 0x7f1bfa1283f0> > (at gfa_init.py)
2023-12-12 15:13:28,183 [INFO] Cam array check (at gfa_init.py)
2023-12-12 15:13:28,183 [INFO] Connected the KSPEC GFA cameras (at gfa_init.py)
2023-12-12 15:13:28,183 [INFO] Done (at gfa_init.py)
2023-12-12 15:13:28,183 [INFO] Start Exposure Initializaton (at gfa_init.py)
2023-12-12 15:13:28,183 [INFO] Open Cams (at gfa_init.py)
2023-12-12 15:13:29,630 [INFO] Start the GFA sequence (at gfa_init.py)
2023-12-12 15:13:29,630 [INFO] Connect the KSPEC GFA cameras (at gfa_init.py)
2023-12-12 15:13:29,902 [INFO] <pypylon.pylon.InstantCameraArray; proxy of <Swig Object of type 'Pylon::CInstantCameraArray *' at 0x7f9561f293f0> > (at gfa_init.py)
2023-12-12 15:13:29,902 [INFO] Cam array check (at gfa_init.py)
2023-12-12 15:13:29,902 [INFO] Connected the KSPEC GFA cameras (at gfa_init.py)
2023-12-12 15:13:29,902 [INFO] Done (at gfa_init.py)
2023-12-12 15:13:29,903 [INFO] Start Exposure Initializaton (at gfa_init.py)
2023-12-12 15:13:29,903 [INFO] Open Cams (at gfa_init.py)
2023-12-12 15:46:12,562 [INFO] Start the GFA sequence (at gfa_init.py)
2023-12-12 15:46:12,562 [INFO] Connect the KSPEC GFA cameras (at gfa_init.py)
2023-12-12 15:46:12,835 [INFO] <pypylon.pylon.InstantCameraArray; proxy of <Swig Object of type 'Pylon::CInstantCameraArray *' at 0x7fdafa76a540> > (at gfa_init.py)
2023-12-12 15:46:12,835 [INFO] Cam array check (at gfa_init.py)
2023-12-12 15:46:12,835 [INFO] Connected the KSPEC GFA cameras (at gfa_init.py)
2023-12-12 15:46:12,835 [INFO] Done (at gfa_init.py)
2023-12-12 15:46:12,835 [INFO] Start Exposure Initializaton (at gfa_init.py)
2023-12-12 15:47:11,721 [INFO] Start the GFA sequence (at gfa_init.py)
2023-12-12 15:47:11,721 [INFO] Connect the KSPEC GFA cameras (at gfa_init.py)
2023-12-12 15:47:26,909 [INFO] Start the GFA sequence (at gfa_init.py)
2023-12-12 15:47:26,909 [INFO] Connect the KSPEC GFA cameras (at gfa_init.py)
2023-12-12 15:47:27,182 [INFO] <pypylon.pylon.InstantCameraArray; proxy of <Swig Object of type 'Pylon::CInstantCameraArray *' at 0x7ff7ab2ea630> > (at gfa_init.py)
2023-12-12 15:47:27,182 [INFO] Cam array check (at gfa_init.py)
2023-12-12 15:47:27,182 [INFO] Connected the KSPEC GFA cameras (at gfa_init.py)
2023-12-12 15:47:27,182 [INFO] Done (at gfa_init.py)
2023-12-12 15:47:27,182 [INFO] Start Exposure Initializaton (at gfa_init.py)
2023-12-12 15:52:49,349 [INFO] Start the GFA sequence (at gfa_init.py)
2023-12-12 15:52:49,349 [INFO] Connect the KSPEC GFA cameras (at gfa_init.py)
2023-12-12 15:53:34,409 [INFO] Start the GFA sequence (at gfa_init.py)
2023-12-12 15:53:34,409 [INFO] Connect the KSPEC GFA cameras (at gfa_init.py)
2023-12-12 15:53:43,753 [INFO] Start the GFA sequence (at gfa_init.py)
2023-12-12 15:53:43,753 [INFO] Connect the KSPEC GFA cameras (at gfa_init.py)
2023-12-12 15:55:10,127 [INFO] Start the GFA sequence (at gfa_init.py)
2023-12-12 15:55:10,127 [INFO] Connect the KSPEC GFA cameras (at gfa_init.py)
2023-12-12 15:55:10,141 [INFO] <pypylon.pylon.InstantCameraArray; proxy of <Swig Object of type 'Pylon::CInstantCameraArray *' at 0x7f9c661e4660> > (at gfa_init.py)
2023-12-12 15:55:10,141 [INFO] Cam array check (at gfa_init.py)
2023-12-12 15:55:10,141 [INFO] Connected the KSPEC GFA cameras (at gfa_init.py)
2023-12-12 15:55:10,141 [INFO] Done (at gfa_init.py)
2023-12-12 15:55:10,141 [INFO] Start Exposure Initializaton (at gfa_init.py)
2023-12-12 15:55:10,145 [INFO] Open Cams (at gfa_init.py)
2023-12-12 15:55:10,145 [INFO] check (at gfa_init.py)
2023-12-12 15:55:31,826 [INFO] Start the GFA sequence (at gfa_init.py)
2023-12-12 15:55:31,826 [INFO] Connect the KSPEC GFA cameras (at gfa_init.py)
2023-12-12 15:55:31,839 [INFO] <pypylon.pylon.InstantCameraArray; proxy of <Swig Object of type 'Pylon::CInstantCameraArray *' at 0x7f12fa0e9600> > (at gfa_init.py)
2023-12-12 15:55:31,839 [INFO] Cam array check (at gfa_init.py)
2023-12-12 15:55:31,839 [INFO] Connected the KSPEC GFA cameras (at gfa_init.py)
2023-12-12 15:55:31,839 [INFO] Done (at gfa_init.py)
2023-12-12 15:55:31,839 [INFO] Start Exposure Initializaton (at gfa_init.py)
2023-12-12 15:55:31,844 [INFO] Open Cams (at gfa_init.py)
2023-12-12 15:55:31,844 [INFO] check (at gfa_init.py)
2023-12-12 15:57:49,851 [INFO] Start the GFA sequence (at gfa_init.py)
2023-12-12 15:57:49,851 [INFO] Connect the KSPEC GFA cameras (at gfa_init.py)
2023-12-12 15:57:49,864 [INFO] <pypylon.pylon.InstantCameraArray; proxy of <Swig Object of type 'Pylon::CInstantCameraArray *' at 0x7fb75d92a660> > (at gfa_init.py)
2023-12-12 15:57:49,864 [INFO] Cam array check (at gfa_init.py)
2023-12-12 15:57:49,864 [INFO] Connected the KSPEC GFA cameras (at gfa_init.py)
2023-12-12 15:57:49,864 [INFO] Done (at gfa_init.py)
2023-12-12 15:57:49,864 [INFO] Start Exposure Initializaton (at gfa_init.py)
2023-12-12 15:57:49,869 [INFO] Open Cams (at gfa_init.py)
2023-12-12 15:57:49,869 [INFO] check (at gfa_init.py)
2023-12-12 16:02:41,029 [INFO] Start the GFA sequence (at gfa_init.py)
2023-12-12 16:02:41,029 [INFO] Connect the KSPEC GFA cameras (at gfa_init.py)
2023-12-12 16:02:41,042 [INFO] <pypylon.pylon.InstantCameraArray; proxy of <Swig Object of type 'Pylon::CInstantCameraArray *' at 0x7f44227aa600> > (at gfa_init.py)
2023-12-12 16:02:41,042 [INFO] Cam array check (at gfa_init.py)
2023-12-12 16:02:41,042 [INFO] Connected the KSPEC GFA cameras (at gfa_init.py)
2023-12-12 16:02:41,042 [INFO] Done (at gfa_init.py)
2023-12-12 16:02:41,042 [INFO] Start Exposure Initializaton (at gfa_init.py)
2023-12-12 16:02:41,047 [INFO] Open Cams (at gfa_init.py)
2023-12-12 16:02:41,047 [INFO] check (at gfa_init.py)
2023-12-12 16:03:04,693 [INFO] Start the GFA sequence (at gfa_init.py)
2023-12-12 16:03:04,693 [INFO] Connect the KSPEC GFA cameras (at gfa_init.py)
2023-12-12 16:03:04,706 [INFO] <pypylon.pylon.InstantCameraArray; proxy of <Swig Object of type 'Pylon::CInstantCameraArray *' at 0x7f72e7da65a0> > (at gfa_init.py)
2023-12-12 16:03:04,706 [INFO] Cam array check (at gfa_init.py)
2023-12-12 16:03:04,706 [INFO] Connected the KSPEC GFA cameras (at gfa_init.py)
2023-12-12 16:03:04,706 [INFO] Done (at gfa_init.py)
2023-12-12 16:03:04,706 [INFO] Start Exposure Initializaton (at gfa_init.py)
2023-12-12 16:03:04,710 [INFO] Open Cams (at gfa_init.py)
2023-12-12 16:03:04,711 [INFO] check (at gfa_init.py)
2023-12-12 16:03:41,371 [INFO] Start the GFA sequence (at gfa_init.py)
2023-12-12 16:03:41,371 [INFO] Connect the KSPEC GFA cameras (at gfa_init.py)
2023-12-12 16:03:41,384 [INFO] <pypylon.pylon.InstantCameraArray; proxy of <Swig Object of type 'Pylon::CInstantCameraArray *' at 0x7fc10987cc00> > (at gfa_init.py)
2023-12-12 16:03:41,385 [INFO] Cam array check (at gfa_init.py)
2023-12-12 16:03:41,385 [INFO] Connected the KSPEC GFA cameras (at gfa_init.py)
2023-12-12 16:03:41,385 [INFO] Done (at gfa_init.py)
2023-12-12 16:03:41,385 [INFO] Start Exposure Initializaton (at gfa_init.py)
2023-12-12 16:03:41,389 [INFO] Open Cams (at gfa_init.py)
2023-12-12 16:03:41,389 [INFO] check (at gfa_init.py)
2023-12-12 16:19:47,975 [INFO] Start the GFA sequence (at gfa_init.py)
2023-12-12 16:19:47,975 [INFO] Connect the KSPEC GFA cameras (at gfa_init.py)
2023-12-12 16:19:47,988 [INFO] <pypylon.pylon.InstantCameraArray; proxy of <Swig Object of type 'Pylon::CInstantCameraArray *' at 0x7f4b9e2a4660> > (at gfa_init.py)
2023-12-12 16:19:47,988 [INFO] Cam array check (at gfa_init.py)
2023-12-12 16:19:47,988 [INFO] Connected the KSPEC GFA cameras (at gfa_init.py)
2023-12-12 16:19:47,988 [INFO] Done (at gfa_init.py)
2023-12-12 16:19:47,989 [INFO] Start Exposure Initializaton (at gfa_init.py)
2023-12-12 16:19:47,993 [INFO] Open Cams (at gfa_init.py)
2023-12-12 16:19:47,993 [INFO] check (at gfa_init.py)
2023-12-12 16:20:46,295 [INFO] Start the GFA sequence (at gfa_init.py)
2023-12-12 16:20:46,295 [INFO] Connect the KSPEC GFA cameras (at gfa_init.py)
2023-12-12 16:20:46,308 [INFO] <pypylon.pylon.InstantCameraArray; proxy of <Swig Object of type 'Pylon::CInstantCameraArray *' at 0x7fb4ae3e4660> > (at gfa_init.py)
2023-12-12 16:20:46,308 [INFO] Cam array check (at gfa_init.py)
2023-12-12 16:20:46,308 [INFO] Connected the KSPEC GFA cameras (at gfa_init.py)
2023-12-12 16:20:46,308 [INFO] Done (at gfa_init.py)
2023-12-12 16:20:46,308 [INFO] Start Exposure Initializaton (at gfa_init.py)
2023-12-12 16:20:46,312 [INFO] Open Cams (at gfa_init.py)
2023-12-12 16:20:46,313 [INFO] check (at gfa_init.py)
2023-12-12 16:20:46,355 [INFO] Done (at gfa_init.py)
2023-12-12 16:22:10,359 [INFO] Start the GFA sequence (at gfa_init.py)
2023-12-12 16:22:10,360 [INFO] Connect the KSPEC GFA cameras (at gfa_init.py)
2023-12-12 16:22:10,373 [INFO] <pypylon.pylon.InstantCameraArray; proxy of <Swig Object of type 'Pylon::CInstantCameraArray *' at 0x7f9372bab660> > (at gfa_init.py)
2023-12-12 16:22:10,373 [INFO] Cam array check (at gfa_init.py)
2023-12-12 16:22:10,373 [INFO] Connected the KSPEC GFA cameras (at gfa_init.py)
2023-12-12 16:22:10,373 [INFO] Done (at gfa_init.py)
2023-12-12 16:22:10,373 [INFO] Start Exposure Initializaton (at gfa_init.py)
2023-12-12 16:22:10,377 [INFO] Open Cams (at gfa_init.py)
2023-12-12 16:22:10,378 [INFO] check (at gfa_init.py)
2023-12-12 16:22:10,413 [INFO] Done (at gfa_init.py)
2023-12-12 16:22:40,444 [INFO] Start the GFA sequence (at gfa_init.py)
2023-12-12 16:22:40,444 [INFO] Connect the KSPEC GFA cameras (at gfa_init.py)
2023-12-12 16:22:40,458 [INFO] <pypylon.pylon.InstantCameraArray; proxy of <Swig Object of type 'Pylon::CInstantCameraArray *' at 0x7fed22d29630> > (at gfa_init.py)
2023-12-12 16:22:40,458 [INFO] Cam array check (at gfa_init.py)
2023-12-12 16:22:40,458 [INFO] Connected the KSPEC GFA cameras (at gfa_init.py)
2023-12-12 16:22:40,458 [INFO] Done (at gfa_init.py)
2023-12-12 16:22:40,458 [INFO] Start Exposure Initializaton (at gfa_init.py)
2023-12-12 16:22:40,462 [INFO] Open Cams (at gfa_init.py)
2023-12-12 16:22:40,463 [INFO] check (at gfa_init.py)
2023-12-12 16:22:40,492 [INFO] Done (at gfa_init.py)
2023-12-12 16:23:05,559 [INFO] Start the GFA sequence (at gfa_init.py)
2023-12-12 16:23:05,559 [INFO] Connect the KSPEC GFA cameras (at gfa_init.py)
2023-12-12 16:23:05,572 [INFO] <pypylon.pylon.InstantCameraArray; proxy of <Swig Object of type 'Pylon::CInstantCameraArray *' at 0x7ff9518a4690> > (at gfa_init.py)
2023-12-12 16:23:05,572 [INFO] Cam array check (at gfa_init.py)
2023-12-12 16:23:05,572 [INFO] Connected the KSPEC GFA cameras (at gfa_init.py)
2023-12-12 16:23:05,572 [INFO] Done (at gfa_init.py)
2023-12-12 16:23:05,572 [INFO] Start Exposure Initializaton (at gfa_init.py)
2023-12-12 16:23:05,576 [INFO] Open Cams (at gfa_init.py)
2023-12-12 16:23:05,577 [INFO] check (at gfa_init.py)
2023-12-12 16:23:05,601 [INFO] Done (at gfa_init.py)
2023-12-12 16:23:52,829 [INFO] Start the GFA sequence (at gfa_init.py)
2023-12-12 16:23:52,829 [INFO] Connect the KSPEC GFA cameras (at gfa_init.py)
2023-12-12 16:23:52,842 [INFO] <pypylon.pylon.InstantCameraArray; proxy of <Swig Object of type 'Pylon::CInstantCameraArray *' at 0x7f7a883aa690> > (at gfa_init.py)
2023-12-12 16:23:52,842 [INFO] Cam array check (at gfa_init.py)
2023-12-12 16:23:52,842 [INFO] Connected the KSPEC GFA cameras (at gfa_init.py)
2023-12-12 16:23:52,842 [INFO] Done (at gfa_init.py)
2023-12-12 16:23:52,842 [INFO] Start Exposure Initializaton (at gfa_init.py)
2023-12-12 16:23:52,847 [INFO] Open Cams (at gfa_init.py)
2023-12-12 16:23:52,847 [INFO] check (at gfa_init.py)
2023-12-12 16:23:52,881 [INFO] Done (at gfa_init.py)
2023-12-12 16:24:55,090 [INFO] Start the GFA sequence (at gfa_init.py)
2023-12-12 16:24:55,090 [INFO] Connect the KSPEC GFA cameras (at gfa_init.py)
2023-12-12 16:43:37,113 [INFO] Start the GFA sequence (at gfa_init.py)
2023-12-12 16:43:37,113 [INFO] Connect the KSPEC GFA cameras (at gfa_init.py)
2023-12-12 16:43:37,386 [INFO] <pypylon.pylon.InstantCameraArray; proxy of <Swig Object of type 'Pylon::CInstantCameraArray *' at 0x7f5f1e56a7b0> > (at gfa_init.py)
2023-12-12 16:43:37,386 [INFO] Cam array check (at gfa_init.py)
2023-12-12 16:43:37,386 [INFO] Connected the KSPEC GFA cameras (at gfa_init.py)
2023-12-12 16:43:37,386 [INFO] Done (at gfa_init.py)
2023-12-12 16:43:37,386 [INFO] Start Exposure Initializaton (at gfa_init.py)
2023-12-12 16:45:22,123 [INFO] Start the GFA sequence (at gfa_init.py)
2023-12-12 16:45:22,123 [INFO] Connect the KSPEC GFA cameras (at gfa_init.py)
2023-12-12 16:45:22,395 [INFO] <pypylon.pylon.InstantCameraArray; proxy of <Swig Object of type 'Pylon::CInstantCameraArray *' at 0x7ffa8656a7b0> > (at gfa_init.py)
2023-12-12 16:45:22,395 [INFO] Cam array check (at gfa_init.py)
2023-12-12 16:45:22,395 [INFO] Connected the KSPEC GFA cameras (at gfa_init.py)
2023-12-12 16:45:22,395 [INFO] Done (at gfa_init.py)
2023-12-12 16:45:22,396 [INFO] Start Exposure Initializaton (at gfa_init.py)
2023-12-12 16:45:22,566 [INFO] Using device a2A5328-4gmPRO (at gfa_init.py)
2023-12-12 16:45:22,724 [INFO] Using device a2A5328-4gmPRO (at gfa_init.py)
2023-12-12 16:45:22,881 [INFO] Using device a2A5328-4gmPRO (at gfa_init.py)
2023-12-12 16:45:22,882 [INFO] Using device Emulation (at gfa_init.py)
2023-12-12 16:45:22,884 [INFO] Using device Emulation (at gfa_init.py)
2023-12-12 16:45:22,885 [INFO] Using device Emulation (at gfa_init.py)
2023-12-12 16:45:22,885 [INFO] Open Cams (at gfa_init.py)
2023-12-12 16:45:23,213 [INFO] check (at gfa_init.py)
2023-12-12 16:45:23,306 [INFO] GrabSucceeded: True (at gfa_init.py)
2023-12-12 16:45:23,690 [INFO] Done (at gfa_init.py)
2023-12-12 16:48:58,401 [INFO] Start the GFA sequence (at gfa_init.py)
2023-12-12 16:48:58,401 [INFO] Connect the KSPEC GFA cameras (at gfa_init.py)
2023-12-12 16:48:58,675 [INFO] <pypylon.pylon.InstantCameraArray; proxy of <Swig Object of type 'Pylon::CInstantCameraArray *' at 0x7fa308aa97b0> > (at gfa_init.py)
2023-12-12 16:48:58,675 [INFO] Cam array check (at gfa_init.py)
2023-12-12 16:48:58,675 [INFO] Connected the KSPEC GFA cameras (at gfa_init.py)
2023-12-12 16:48:58,675 [INFO] Done (at gfa_init.py)
2023-12-12 16:48:58,675 [INFO] Start Exposure Initializaton (at gfa_init.py)
2023-12-12 16:48:58,892 [INFO] Using device a2A5328-4gmPRO (at gfa_init.py)
2023-12-12 16:48:59,108 [INFO] Using device a2A5328-4gmPRO (at gfa_init.py)
2023-12-12 16:48:59,287 [INFO] Using device a2A5328-4gmPRO (at gfa_init.py)
2023-12-12 16:48:59,288 [INFO] Using device Emulation (at gfa_init.py)
2023-12-12 16:48:59,296 [INFO] Using device Emulation (at gfa_init.py)
2023-12-12 16:48:59,298 [INFO] Using device Emulation (at gfa_init.py)
2023-12-12 16:48:59,298 [INFO] Open Cams (at gfa_init.py)
2023-12-12 16:49:29,448 [INFO] Start the GFA sequence (at gfa_init.py)
2023-12-12 16:49:29,448 [INFO] Connect the KSPEC GFA cameras (at gfa_init.py)
2023-12-12 16:49:29,722 [INFO] <pypylon.pylon.InstantCameraArray; proxy of <Swig Object of type 'Pylon::CInstantCameraArray *' at 0x7f377efab750> > (at gfa_init.py)
2023-12-12 16:49:29,722 [INFO] Cam array check (at gfa_init.py)
2023-12-12 16:49:29,722 [INFO] Connected the KSPEC GFA cameras (at gfa_init.py)
2023-12-12 16:49:29,722 [INFO] Done (at gfa_init.py)
2023-12-12 16:49:29,722 [INFO] Start Exposure Initializaton (at gfa_init.py)
2023-12-12 16:49:29,879 [INFO] Using device a2A5328-4gmPRO (at gfa_init.py)
2023-12-12 16:49:30,037 [INFO] Using device a2A5328-4gmPRO (at gfa_init.py)
2023-12-12 16:49:30,193 [INFO] Using device a2A5328-4gmPRO (at gfa_init.py)
2023-12-12 16:49:30,195 [INFO] Using device Emulation (at gfa_init.py)
2023-12-12 16:49:30,196 [INFO] Using device Emulation (at gfa_init.py)
2023-12-12 16:49:30,198 [INFO] Using device Emulation (at gfa_init.py)
2023-12-12 16:49:30,198 [INFO] Open Cams (at gfa_init.py)
2023-12-12 16:49:30,526 [INFO] check (at gfa_init.py)
2023-12-12 16:50:13,949 [INFO] Start the GFA sequence (at gfa_init.py)
2023-12-12 16:50:13,949 [INFO] Connect the KSPEC GFA cameras (at gfa_init.py)
2023-12-12 16:50:14,222 [INFO] <pypylon.pylon.InstantCameraArray; proxy of <Swig Object of type 'Pylon::CInstantCameraArray *' at 0x7f2961faa7b0> > (at gfa_init.py)
2023-12-12 16:50:14,222 [INFO] Cam array check (at gfa_init.py)
2023-12-12 16:50:14,222 [INFO] Connected the KSPEC GFA cameras (at gfa_init.py)
2023-12-12 16:50:14,222 [INFO] Done (at gfa_init.py)
2023-12-12 16:50:14,222 [INFO] Start Exposure Initializaton (at gfa_init.py)
2023-12-12 16:50:14,381 [INFO] Using device a2A5328-4gmPRO (at gfa_init.py)
2023-12-12 16:50:14,537 [INFO] Using device a2A5328-4gmPRO (at gfa_init.py)
2023-12-12 16:50:14,700 [INFO] Using device a2A5328-4gmPRO (at gfa_init.py)
2023-12-12 16:50:14,701 [INFO] Using device Emulation (at gfa_init.py)
2023-12-12 16:50:14,703 [INFO] Using device Emulation (at gfa_init.py)
2023-12-12 16:50:14,704 [INFO] Using device Emulation (at gfa_init.py)
2023-12-12 16:50:14,704 [INFO] Open Cams (at gfa_init.py)
2023-12-12 16:50:15,033 [INFO] check (at gfa_init.py)
2023-12-12 16:57:27,437 [INFO] Start the GFA sequence (at gfa_init.py)
2023-12-12 16:57:27,437 [INFO] Connect the KSPEC GFA cameras (at gfa_init.py)
2023-12-12 16:57:27,710 [INFO] <pypylon.pylon.InstantCameraArray; proxy of <Swig Object of type 'Pylon::CInstantCameraArray *' at 0x7fddd75a47b0> > (at gfa_init.py)
2023-12-12 16:57:27,710 [INFO] Cam array check (at gfa_init.py)
2023-12-12 16:57:27,710 [INFO] Connected the KSPEC GFA cameras (at gfa_init.py)
2023-12-12 16:57:27,710 [INFO] Done (at gfa_init.py)
2023-12-12 16:57:27,710 [INFO] Start Exposure Initializaton (at gfa_init.py)
2023-12-12 16:57:27,870 [INFO] Using device a2A5328-4gmPRO (at gfa_init.py)
2023-12-12 16:57:28,027 [INFO] Using device a2A5328-4gmPRO (at gfa_init.py)
2023-12-12 16:57:28,193 [INFO] Using device a2A5328-4gmPRO (at gfa_init.py)
2023-12-12 16:57:28,195 [INFO] Using device Emulation (at gfa_init.py)
2023-12-12 16:57:28,196 [INFO] Using device Emulation (at gfa_init.py)
2023-12-12 16:57:28,198 [INFO] Using device Emulation (at gfa_init.py)
2023-12-12 16:57:28,198 [INFO] Open Cams (at gfa_init.py)
2023-12-12 16:57:28,530 [INFO] check (at gfa_init.py)
2023-12-12 16:57:28,804 [INFO] GrabSucceeded: True (at gfa_init.py)
2023-12-12 16:57:29,210 [INFO] GrabSucceeded: True (at gfa_init.py)
2023-12-12 16:57:29,600 [INFO] GrabSucceeded: True (at gfa_init.py)
2023-12-12 16:57:29,666 [INFO] GrabSucceeded: True (at gfa_init.py)
2023-12-12 16:57:29,690 [INFO] GrabSucceeded: True (at gfa_init.py)
2023-12-12 16:57:29,712 [INFO] GrabSucceeded: True (at gfa_init.py)
2023-12-12 16:57:29,713 [INFO] Done (at gfa_init.py)
2023-12-12 16:58:38,190 [INFO] Start the GFA sequence (at gfa_init.py)
2023-12-12 16:58:38,190 [INFO] Connect the KSPEC GFA cameras (at gfa_init.py)
2023-12-12 16:58:38,461 [INFO] <pypylon.pylon.InstantCameraArray; proxy of <Swig Object of type 'Pylon::CInstantCameraArray *' at 0x7f4af65aa7b0> > (at gfa_init.py)
2023-12-12 16:58:38,461 [INFO] Cam array check (at gfa_init.py)
2023-12-12 16:58:38,461 [INFO] Connected the KSPEC GFA cameras (at gfa_init.py)
2023-12-12 16:58:38,461 [INFO] Done (at gfa_init.py)
2023-12-12 16:58:38,461 [INFO] Start Exposure Initializaton (at gfa_init.py)
2023-12-12 16:58:38,461 [INFO] Open Cams (at gfa_init.py)
2023-12-12 16:59:20,322 [INFO] Start the GFA sequence (at gfa_init.py)
2023-12-12 16:59:20,322 [INFO] Connect the KSPEC GFA cameras (at gfa_init.py)
2023-12-12 17:01:13,313 [INFO] Start the GFA sequence (at gfa_init.py)
2023-12-12 17:01:13,313 [INFO] Connect the KSPEC GFA cameras (at gfa_init.py)
2023-12-12 17:01:40,181 [INFO] Start the GFA sequence (at gfa_init.py)
2023-12-12 17:01:40,181 [INFO] Connect the KSPEC GFA cameras (at gfa_init.py)
2023-12-12 17:01:59,409 [INFO] Start the GFA sequence (at gfa_init.py)
2023-12-12 17:01:59,410 [INFO] Connect the KSPEC GFA cameras (at gfa_init.py)
2023-12-12 17:02:44,939 [INFO] Start the GFA sequence (at gfa_init.py)
2023-12-12 17:02:44,939 [INFO] Connect the KSPEC GFA cameras (at gfa_init.py)
2023-12-12 17:03:49,707 [INFO] Start the GFA sequence (at gfa_init.py)
2023-12-12 17:03:49,707 [INFO] Connect the KSPEC GFA cameras (at gfa_init.py)
2023-12-12 17:03:49,979 [INFO] <pypylon.pylon.InstantCameraArray; proxy of <Swig Object of type 'Pylon::CInstantCameraArray *' at 0x7f1694a647b0> > (at gfa_init.py)
2023-12-12 17:03:49,980 [INFO] Cam array check (at gfa_init.py)
2023-12-12 17:03:49,980 [INFO] Connected the KSPEC GFA cameras (at gfa_init.py)
2023-12-12 17:03:49,980 [INFO] Done (at gfa_init.py)
2023-12-12 17:03:49,980 [INFO] Start Exposure Initializaton (at gfa_init.py)
2023-12-12 17:03:50,138 [INFO] Using device a2A5328-4gmPRO (at gfa_init.py)
2023-12-12 17:03:50,307 [INFO] Using device a2A5328-4gmPRO (at gfa_init.py)
2023-12-12 17:03:50,468 [INFO] Using device a2A5328-4gmPRO (at gfa_init.py)
2023-12-12 17:03:50,468 [INFO] Open Cams (at gfa_init.py)
2023-12-12 17:03:50,795 [INFO] check (at gfa_init.py)
2023-12-12 17:04:30,001 [INFO] Start the GFA sequence (at gfa_init.py)
2023-12-12 17:04:30,001 [INFO] Connect the KSPEC GFA cameras (at gfa_init.py)
2023-12-12 17:04:30,274 [INFO] <pypylon.pylon.InstantCameraArray; proxy of <Swig Object of type 'Pylon::CInstantCameraArray *' at 0x7fc6c092a750> > (at gfa_init.py)
2023-12-12 17:04:30,274 [INFO] Cam array check (at gfa_init.py)
2023-12-12 17:04:30,274 [INFO] Connected the KSPEC GFA cameras (at gfa_init.py)
2023-12-12 17:04:30,274 [INFO] Done (at gfa_init.py)
2023-12-12 17:04:30,274 [INFO] Start Exposure Initializaton (at gfa_init.py)
2023-12-12 17:04:30,431 [INFO] Using device a2A5328-4gmPRO (at gfa_init.py)
2023-12-12 17:04:30,588 [INFO] Using device a2A5328-4gmPRO (at gfa_init.py)
2023-12-12 17:04:30,747 [INFO] Using device a2A5328-4gmPRO (at gfa_init.py)
2023-12-12 17:04:30,747 [INFO] Open Cams (at gfa_init.py)
2023-12-12 17:04:31,077 [INFO] check (at gfa_init.py)
2023-12-12 17:07:04,156 [INFO] Start the GFA sequence (at gfa_init.py)
2023-12-12 17:07:04,156 [INFO] Connect the KSPEC GFA cameras (at gfa_init.py)
2023-12-12 17:07:04,429 [INFO] <pypylon.pylon.InstantCameraArray; proxy of <Swig Object of type 'Pylon::CInstantCameraArray *' at 0x7f102112d630> > (at gfa_init.py)
2023-12-12 17:07:04,429 [INFO] Cam array check (at gfa_init.py)
2023-12-12 17:07:04,429 [INFO] Connected the KSPEC GFA cameras (at gfa_init.py)
2023-12-12 17:07:04,429 [INFO] Done (at gfa_init.py)
2023-12-12 17:08:05,952 [INFO] Start the GFA sequence (at gfa_init.py)
2023-12-12 17:08:05,952 [INFO] Connect the KSPEC GFA cameras (at gfa_init.py)
2023-12-12 17:08:06,225 [INFO] <pypylon.pylon.InstantCameraArray; proxy of <Swig Object of type 'Pylon::CInstantCameraArray *' at 0x7f1f9376a690> > (at gfa_init.py)
2023-12-12 17:08:06,225 [INFO] Cam array check (at gfa_init.py)
2023-12-12 17:08:06,225 [INFO] Connected the KSPEC GFA cameras (at gfa_init.py)
2023-12-12 17:08:06,225 [INFO] Done (at gfa_init.py)
2023-12-13 14:37:24,523 [INFO] Start the GFA sequence (at gfa_init.py)
2023-12-13 14:37:24,524 [INFO] Connect the KSPEC GFA cameras (at gfa_init.py)
2023-12-13 14:37:24,796 [INFO] Cam array check (at gfa_init.py)
2023-12-13 14:37:24,796 [INFO] Connected the KSPEC GFA cameras (at gfa_init.py)
2023-12-13 14:37:24,796 [INFO] Done (at gfa_init.py)
2023-12-13 14:37:42,850 [INFO] Start the GFA sequence (at gfa_init.py)
2023-12-13 14:37:42,851 [INFO] Connect the KSPEC GFA cameras (at gfa_init.py)
2023-12-13 14:37:43,123 [INFO] Cam array check (at gfa_init.py)
2023-12-13 14:37:43,123 [INFO] Connected the KSPEC GFA cameras (at gfa_init.py)
2023-12-13 14:37:43,123 [INFO] Done (at gfa_init.py)
2023-12-13 14:37:43,123 [INFO] Start Exposure Initializaton (at gfa_init.py)
2023-12-13 14:37:43,339 [INFO] Using device a2A5328-4gmPRO (at gfa_init.py)
2023-12-13 14:37:43,496 [INFO] Using device a2A5328-4gmPRO (at gfa_init.py)
2023-12-13 14:37:43,653 [INFO] Using device a2A5328-4gmPRO (at gfa_init.py)
2023-12-13 14:37:43,653 [INFO] Open Cams (at gfa_init.py)
2023-12-13 14:39:41,361 [INFO] Start the GFA sequence (at gfa_init.py)
2023-12-13 14:39:41,361 [INFO] Connect the KSPEC GFA cameras (at gfa_init.py)
2023-12-13 14:39:41,634 [INFO] Cam array check (at gfa_init.py)
2023-12-13 14:39:41,634 [INFO] Connected the KSPEC GFA cameras (at gfa_init.py)
2023-12-13 14:39:41,634 [INFO] Done (at gfa_init.py)
2023-12-13 14:39:41,634 [INFO] Start Exposure Initializaton (at gfa_init.py)
2023-12-13 14:39:41,865 [INFO] Using device a2A5328-4gmPRO (at gfa_init.py)
2023-12-13 14:39:42,023 [INFO] Using device a2A5328-4gmPRO (at gfa_init.py)
2023-12-13 14:39:42,188 [INFO] Using device a2A5328-4gmPRO (at gfa_init.py)
2023-12-13 14:39:42,188 [INFO] Open Cams (at gfa_init.py)
2023-12-13 14:40:19,538 [INFO] Start the GFA sequence (at gfa_init.py)
2023-12-13 14:40:19,538 [INFO] Connect the KSPEC GFA cameras (at gfa_init.py)
2023-12-13 14:40:19,810 [INFO] Cam array check (at gfa_init.py)
2023-12-13 14:40:19,810 [INFO] Connected the KSPEC GFA cameras (at gfa_init.py)
2023-12-13 14:40:19,810 [INFO] Done (at gfa_init.py)
2023-12-13 14:40:19,810 [INFO] Start Exposure Initializaton (at gfa_init.py)
2023-12-13 14:40:20,035 [INFO] Using device a2A5328-4gmPRO (at gfa_init.py)
2023-12-13 14:40:20,193 [INFO] Using device a2A5328-4gmPRO (at gfa_init.py)
2023-12-13 14:40:20,371 [INFO] Using device a2A5328-4gmPRO (at gfa_init.py)
2023-12-13 14:40:20,371 [INFO] Open Cams (at gfa_init.py)
2023-12-13 14:41:11,521 [INFO] Start the GFA sequence (at gfa_init.py)
2023-12-13 14:41:11,521 [INFO] Connect the KSPEC GFA cameras (at gfa_init.py)
2023-12-13 14:41:11,794 [INFO] Cam array check (at gfa_init.py)
2023-12-13 14:41:11,794 [INFO] Connected the KSPEC GFA cameras (at gfa_init.py)
2023-12-13 14:41:11,794 [INFO] Done (at gfa_init.py)
2023-12-13 14:41:11,794 [INFO] Start Exposure Initializaton (at gfa_init.py)
2023-12-13 14:41:11,954 [INFO] Using device a2A5328-4gmPRO (at gfa_init.py)
2023-12-13 14:41:12,112 [INFO] Using device a2A5328-4gmPRO (at gfa_init.py)
2023-12-13 14:41:12,274 [INFO] Using device a2A5328-4gmPRO (at gfa_init.py)
2023-12-13 14:41:12,274 [INFO] Open Cams (at gfa_init.py)
2023-12-13 14:41:12,607 [INFO] check (at gfa_init.py)
2023-12-13 14:48:55,577 [INFO] Start the GFA sequence (at gfa_init.py)
2023-12-13 14:48:55,577 [INFO] Connect the KSPEC GFA cameras (at gfa_init.py)
2023-12-13 14:48:55,850 [INFO] Cam array check (at gfa_init.py)
2023-12-13 14:48:55,850 [INFO] Connected the KSPEC GFA cameras (at gfa_init.py)
2023-12-13 14:48:55,850 [INFO] Done (at gfa_init.py)
2023-12-13 14:48:55,850 [INFO] Start Exposure Initializaton (at gfa_init.py)
2023-12-13 14:48:56,024 [INFO] Using device a2A5328-4gmPRO (at gfa_init.py)
2023-12-13 14:48:56,193 [INFO] Using device a2A5328-4gmPRO (at gfa_init.py)
2023-12-13 14:48:56,351 [INFO] Using device a2A5328-4gmPRO (at gfa_init.py)
2023-12-13 14:48:56,351 [INFO] Open Cams (at gfa_init.py)
2023-12-13 14:48:56,680 [INFO] check (at gfa_init.py)
2023-12-13 14:51:18,054 [INFO] Start the GFA sequence (at gfa_init.py)
2023-12-13 14:51:18,054 [INFO] Connect the KSPEC GFA cameras (at gfa_init.py)
2023-12-13 14:51:18,326 [INFO] Cam array check (at gfa_init.py)
2023-12-13 14:51:18,327 [INFO] Connected the KSPEC GFA cameras (at gfa_init.py)
2023-12-13 14:51:18,327 [INFO] Done (at gfa_init.py)
2023-12-13 14:51:18,327 [INFO] Start Exposure Initializaton (at gfa_init.py)
2023-12-13 14:51:18,492 [INFO] Using device a2A5328-4gmPRO (at gfa_init.py)
2023-12-13 14:51:18,653 [INFO] Using device a2A5328-4gmPRO (at gfa_init.py)
2023-12-13 14:51:18,812 [INFO] Using device a2A5328-4gmPRO (at gfa_init.py)
2023-12-13 14:51:18,812 [INFO] Open Cams (at gfa_init.py)
2023-12-13 14:51:19,140 [INFO] check (at gfa_init.py)
2023-12-13 14:51:19,780 [INFO] Done (at gfa_init.py)
2023-12-13 14:52:42,821 [INFO] Start the GFA sequence (at gfa_init.py)
2023-12-13 14:52:42,821 [INFO] Connect the KSPEC GFA cameras (at gfa_init.py)
2023-12-13 14:52:43,093 [INFO] Cam array check (at gfa_init.py)
2023-12-13 14:52:43,093 [INFO] Connected the KSPEC GFA cameras (at gfa_init.py)
2023-12-13 14:52:43,093 [INFO] Done (at gfa_init.py)
2023-12-13 14:52:43,093 [INFO] Start Exposure Initializaton (at gfa_init.py)
2023-12-13 14:52:43,256 [INFO] Using device a2A5328-4gmPRO (at gfa_init.py)
2023-12-13 14:52:43,416 [INFO] Using device a2A5328-4gmPRO (at gfa_init.py)
2023-12-13 14:52:43,573 [INFO] Using device a2A5328-4gmPRO (at gfa_init.py)
2023-12-13 14:52:43,573 [INFO] Open Cams (at gfa_init.py)
2023-12-13 14:52:43,901 [INFO] check (at gfa_init.py)
2023-12-13 14:55:18,473 [INFO] Start the GFA sequence (at gfa_init.py)
2023-12-13 14:55:18,473 [INFO] Connect the KSPEC GFA cameras (at gfa_init.py)
2023-12-13 14:55:18,745 [INFO] Cam array check (at gfa_init.py)
2023-12-13 14:55:18,746 [INFO] Connected the KSPEC GFA cameras (at gfa_init.py)
2023-12-13 14:55:18,746 [INFO] Done (at gfa_init.py)
2023-12-13 14:55:18,746 [INFO] Start Exposure Initializaton (at gfa_init.py)
2023-12-13 14:55:18,903 [INFO] Using device a2A5328-4gmPRO (at gfa_init.py)
2023-12-13 14:55:19,061 [INFO] Using device a2A5328-4gmPRO (at gfa_init.py)
2023-12-13 14:55:19,221 [INFO] Using device a2A5328-4gmPRO (at gfa_init.py)
2023-12-13 14:55:19,221 [INFO] Open Cams (at gfa_init.py)
2023-12-13 14:55:19,552 [INFO] check (at gfa_init.py)
2023-12-13 14:56:48,622 [INFO] Start the GFA sequence (at gfa_init.py)
2023-12-13 14:56:48,622 [INFO] Connect the KSPEC GFA cameras (at gfa_init.py)
2023-12-13 14:56:48,894 [INFO] Cam array check (at gfa_init.py)
2023-12-13 14:56:48,895 [INFO] Connected the KSPEC GFA cameras (at gfa_init.py)
2023-12-13 14:56:48,895 [INFO] Done (at gfa_init.py)
2023-12-13 14:56:48,895 [INFO] Start Exposure Initializaton (at gfa_init.py)
2023-12-13 14:56:49,052 [INFO] Using device a2A5328-4gmPRO (at gfa_init.py)
2023-12-13 14:56:49,224 [INFO] Using device a2A5328-4gmPRO (at gfa_init.py)
2023-12-13 14:56:49,382 [INFO] Using device a2A5328-4gmPRO (at gfa_init.py)
2023-12-13 14:56:49,382 [INFO] Open Cams (at gfa_init.py)
2023-12-13 14:56:49,713 [INFO] check (at gfa_init.py)
2023-12-13 14:58:35,736 [INFO] Start the GFA sequence (at gfa_init.py)
2023-12-13 14:58:35,736 [INFO] Connect the KSPEC GFA cameras (at gfa_init.py)
2023-12-13 14:58:36,008 [INFO] Cam array check (at gfa_init.py)
2023-12-13 14:58:36,009 [INFO] Connected the KSPEC GFA cameras (at gfa_init.py)
2023-12-13 14:58:36,009 [INFO] Done (at gfa_init.py)
2023-12-13 14:58:36,009 [INFO] Start Exposure Initializaton (at gfa_init.py)
2023-12-13 14:58:36,167 [INFO] Using device a2A5328-4gmPRO (at gfa_init.py)
2023-12-13 14:58:36,324 [INFO] Using device a2A5328-4gmPRO (at gfa_init.py)
2023-12-13 14:58:36,481 [INFO] Using device a2A5328-4gmPRO (at gfa_init.py)
2023-12-13 14:58:36,481 [INFO] Open Cams (at gfa_init.py)
2023-12-13 14:58:36,809 [INFO] check (at gfa_init.py)
2023-12-13 14:58:40,998 [INFO] Start the GFA sequence (at gfa_init.py)
2023-12-13 14:58:40,998 [INFO] Connect the KSPEC GFA cameras (at gfa_init.py)
2023-12-13 14:58:41,270 [INFO] Cam array check (at gfa_init.py)
2023-12-13 14:58:41,270 [INFO] Connected the KSPEC GFA cameras (at gfa_init.py)
2023-12-13 14:58:41,270 [INFO] Done (at gfa_init.py)
2023-12-13 14:58:41,270 [INFO] Start Exposure Initializaton (at gfa_init.py)
2023-12-13 14:58:41,435 [INFO] Using device a2A5328-4gmPRO (at gfa_init.py)
2023-12-13 14:58:41,593 [INFO] Using device a2A5328-4gmPRO (at gfa_init.py)
2023-12-13 14:58:41,752 [INFO] Using device a2A5328-4gmPRO (at gfa_init.py)
2023-12-13 14:58:41,752 [INFO] Open Cams (at gfa_init.py)
2023-12-13 14:58:42,083 [INFO] check (at gfa_init.py)
2023-12-13 15:00:29,220 [INFO] Start the GFA sequence (at gfa_init.py)
2023-12-13 15:00:29,221 [INFO] Connect the KSPEC GFA cameras (at gfa_init.py)
2023-12-13 15:00:29,493 [INFO] Cam array check (at gfa_init.py)
2023-12-13 15:00:29,493 [INFO] Connected the KSPEC GFA cameras (at gfa_init.py)
2023-12-13 15:00:29,493 [INFO] Done (at gfa_init.py)
2023-12-13 15:00:29,493 [INFO] Start Exposure Initializaton (at gfa_init.py)
2023-12-13 15:00:29,654 [INFO] Using device a2A5328-4gmPRO (at gfa_init.py)
2023-12-13 15:00:29,812 [INFO] Using device a2A5328-4gmPRO (at gfa_init.py)
2023-12-13 15:00:29,970 [INFO] Using device a2A5328-4gmPRO (at gfa_init.py)
2023-12-13 15:00:29,970 [INFO] Open Cams (at gfa_init.py)
2023-12-13 15:00:30,307 [INFO] check (at gfa_init.py)
2023-12-13 15:01:10,331 [INFO] Start the GFA sequence (at gfa_init.py)
2023-12-13 15:01:10,331 [INFO] Connect the KSPEC GFA cameras (at gfa_init.py)
2023-12-13 15:01:10,604 [INFO] Cam array check (at gfa_init.py)
2023-12-13 15:01:10,604 [INFO] Connected the KSPEC GFA cameras (at gfa_init.py)
2023-12-13 15:01:10,604 [INFO] Done (at gfa_init.py)
2023-12-13 15:01:10,604 [INFO] Start Exposure Initializaton (at gfa_init.py)
2023-12-13 15:01:10,763 [INFO] Using device a2A5328-4gmPRO (at gfa_init.py)
2023-12-13 15:01:10,927 [INFO] Using device a2A5328-4gmPRO (at gfa_init.py)
2023-12-13 15:01:11,086 [INFO] Using device a2A5328-4gmPRO (at gfa_init.py)
2023-12-13 15:01:11,086 [INFO] Open Cams (at gfa_init.py)
2023-12-13 15:01:11,415 [INFO] check (at gfa_init.py)
2023-12-13 15:01:11,415 [INFO] Done (at gfa_init.py)
2023-12-13 15:04:07,757 [INFO] Start the GFA sequence (at gfa_init.py)
2023-12-13 15:04:07,757 [INFO] Connect the KSPEC GFA cameras (at gfa_init.py)
2023-12-13 15:04:08,029 [INFO] Cam array check (at gfa_init.py)
2023-12-13 15:04:08,029 [INFO] Connected the KSPEC GFA cameras (at gfa_init.py)
2023-12-13 15:04:08,029 [INFO] Done (at gfa_init.py)
2023-12-13 15:04:08,029 [INFO] Start Exposure Initializaton (at gfa_init.py)
2023-12-13 15:04:08,202 [INFO] Using device a2A5328-4gmPRO (at gfa_init.py)
2023-12-13 15:04:08,360 [INFO] Using device a2A5328-4gmPRO (at gfa_init.py)
2023-12-13 15:04:08,518 [INFO] Using device a2A5328-4gmPRO (at gfa_init.py)
2023-12-13 15:04:08,519 [INFO] Open Cams (at gfa_init.py)
2023-12-13 15:04:08,847 [INFO] check (at gfa_init.py)
2023-12-13 15:04:09,206 [INFO] Done (at gfa_init.py)
2023-12-13 15:04:37,694 [INFO] Start the GFA sequence (at gfa_init.py)
2023-12-13 15:04:37,694 [INFO] Connect the KSPEC GFA cameras (at gfa_init.py)
2023-12-13 15:04:37,967 [INFO] Cam array check (at gfa_init.py)
2023-12-13 15:04:37,967 [INFO] Connected the KSPEC GFA cameras (at gfa_init.py)
2023-12-13 15:04:37,967 [INFO] Done (at gfa_init.py)
2023-12-13 15:04:37,967 [INFO] Start Exposure Initializaton (at gfa_init.py)
2023-12-13 15:04:38,134 [INFO] Using device a2A5328-4gmPRO (at gfa_init.py)
2023-12-13 15:04:38,291 [INFO] Using device a2A5328-4gmPRO (at gfa_init.py)
2023-12-13 15:04:38,448 [INFO] Using device a2A5328-4gmPRO (at gfa_init.py)
2023-12-13 15:04:38,448 [INFO] Open Cams (at gfa_init.py)
2023-12-13 15:04:38,786 [INFO] check (at gfa_init.py)
2023-12-13 15:04:39,147 [INFO] Done (at gfa_init.py)
2023-12-13 15:20:13,166 [INFO] Start the GFA sequence (at gfa_init.py)
2023-12-13 15:20:13,166 [INFO] Connect the KSPEC GFA cameras (at gfa_init.py)
2023-12-13 15:20:13,438 [INFO] Cam array check (at gfa_init.py)
2023-12-13 15:20:13,438 [INFO] Connected the KSPEC GFA cameras (at gfa_init.py)
2023-12-13 15:20:13,438 [INFO] Done (at gfa_init.py)
2023-12-13 15:20:13,438 [INFO] Start Exposure Initializaton (at gfa_init.py)
2023-12-13 15:20:13,604 [INFO] Using device a2A5328-4gmPRO (at gfa_init.py)
2023-12-13 15:20:13,761 [INFO] Using device a2A5328-4gmPRO (at gfa_init.py)
2023-12-13 15:20:13,918 [INFO] Using device a2A5328-4gmPRO (at gfa_init.py)
2023-12-13 15:20:13,919 [INFO] Open Cams (at gfa_init.py)
2023-12-13 15:25:43,168 [INFO] Start the GFA sequence (at gfa_init.py)
2023-12-13 15:25:43,168 [INFO] Connect the KSPEC GFA cameras (at gfa_init.py)
2023-12-13 15:25:43,440 [INFO] Cam array check (at gfa_init.py)
2023-12-13 15:25:43,440 [INFO] Connected the KSPEC GFA cameras (at gfa_init.py)
2023-12-13 15:25:43,440 [INFO] Done (at gfa_init.py)
2023-12-13 15:25:43,440 [INFO] Start Exposure Initializaton (at gfa_init.py)
2023-12-13 15:25:43,603 [INFO] Using device a2A5328-4gmPRO (at gfa_init.py)
2023-12-13 15:25:43,761 [INFO] Using device a2A5328-4gmPRO (at gfa_init.py)
2023-12-13 15:25:43,919 [INFO] Using device a2A5328-4gmPRO (at gfa_init.py)
2023-12-13 15:25:43,920 [INFO] Open Cams (at gfa_init.py)
2023-12-13 15:26:03,790 [INFO] Start the GFA sequence (at gfa_init.py)
2023-12-13 15:26:03,790 [INFO] Connect the KSPEC GFA cameras (at gfa_init.py)
2023-12-13 15:26:04,063 [INFO] Cam array check (at gfa_init.py)
2023-12-13 15:26:04,063 [INFO] Connected the KSPEC GFA cameras (at gfa_init.py)
2023-12-13 15:26:04,063 [INFO] Done (at gfa_init.py)
2023-12-13 15:26:04,063 [INFO] Start Exposure Initializaton (at gfa_init.py)
2023-12-13 15:26:04,239 [INFO] Using device a2A5328-4gmPRO (at gfa_init.py)
2023-12-13 15:26:04,399 [INFO] Using device a2A5328-4gmPRO (at gfa_init.py)
2023-12-13 15:26:04,557 [INFO] Using device a2A5328-4gmPRO (at gfa_init.py)
2023-12-13 15:26:04,557 [INFO] Open Cams (at gfa_init.py)
2023-12-13 15:26:04,886 [INFO] check (at gfa_init.py)
2023-12-13 15:29:42,260 [INFO] Start the GFA sequence (at gfa_init.py)
2023-12-13 15:29:42,260 [INFO] Connect the KSPEC GFA cameras (at gfa_init.py)
2023-12-13 15:29:42,531 [INFO] Cam array check (at gfa_init.py)
2023-12-13 15:29:42,531 [INFO] Connected the KSPEC GFA cameras (at gfa_init.py)
2023-12-13 15:29:42,531 [INFO] Done (at gfa_init.py)
2023-12-13 15:29:42,531 [INFO] Start Exposure Initializaton (at gfa_init.py)
2023-12-13 15:29:42,695 [INFO] Using device a2A5328-4gmPRO (at gfa_init.py)
2023-12-13 15:29:42,853 [INFO] Using device a2A5328-4gmPRO (at gfa_init.py)
2023-12-13 15:29:43,022 [INFO] Using device a2A5328-4gmPRO (at gfa_init.py)
2023-12-13 15:29:43,022 [INFO] Open Cams (at gfa_init.py)
2023-12-13 15:29:43,350 [INFO] check (at gfa_init.py)
2023-12-13 15:29:43,686 [INFO] Done (at gfa_init.py)
2023-12-13 15:30:10,917 [INFO] Start the GFA sequence (at gfa_init.py)
2023-12-13 15:30:10,917 [INFO] Connect the KSPEC GFA cameras (at gfa_init.py)
2023-12-13 15:30:11,191 [INFO] Cam array check (at gfa_init.py)
2023-12-13 15:30:11,191 [INFO] Connected the KSPEC GFA cameras (at gfa_init.py)
2023-12-13 15:30:11,191 [INFO] Done (at gfa_init.py)
2023-12-13 15:30:11,191 [INFO] Start Exposure Initializaton (at gfa_init.py)
2023-12-13 15:30:11,359 [INFO] Using device a2A5328-4gmPRO (at gfa_init.py)
2023-12-13 15:30:11,516 [INFO] Using device a2A5328-4gmPRO (at gfa_init.py)
2023-12-13 15:30:11,675 [INFO] Using device a2A5328-4gmPRO (at gfa_init.py)
2023-12-13 15:30:11,675 [INFO] Open Cams (at gfa_init.py)
2023-12-13 15:30:12,007 [INFO] check (at gfa_init.py)
2023-12-13 15:30:12,353 [INFO] Done (at gfa_init.py)
2023-12-13 15:30:24,309 [INFO] Start the GFA sequence (at gfa_init.py)
2023-12-13 15:30:24,309 [INFO] Connect the KSPEC GFA cameras (at gfa_init.py)
2023-12-13 15:30:24,581 [INFO] Cam array check (at gfa_init.py)
2023-12-13 15:30:24,582 [INFO] Connected the KSPEC GFA cameras (at gfa_init.py)
2023-12-13 15:30:24,582 [INFO] Done (at gfa_init.py)
2023-12-13 15:30:24,582 [INFO] Start Exposure Initializaton (at gfa_init.py)
2023-12-13 15:30:24,747 [INFO] Using device a2A5328-4gmPRO (at gfa_init.py)
2023-12-13 15:30:24,904 [INFO] Using device a2A5328-4gmPRO (at gfa_init.py)
2023-12-13 15:30:25,062 [INFO] Using device a2A5328-4gmPRO (at gfa_init.py)
2023-12-13 15:30:25,063 [INFO] Open Cams (at gfa_init.py)
2023-12-13 15:30:25,393 [INFO] check (at gfa_init.py)
2023-12-13 15:30:25,733 [INFO] Done (at gfa_init.py)
2023-12-13 15:30:40,259 [INFO] Start the GFA sequence (at gfa_init.py)
2023-12-13 15:30:40,259 [INFO] Connect the KSPEC GFA cameras (at gfa_init.py)
2023-12-13 15:30:40,527 [INFO] Cam array check (at gfa_init.py)
2023-12-13 15:30:40,527 [INFO] Connected the KSPEC GFA cameras (at gfa_init.py)
2023-12-13 15:30:40,527 [INFO] Done (at gfa_init.py)
2023-12-13 15:30:40,527 [INFO] Start Exposure Initializaton (at gfa_init.py)
2023-12-13 15:30:40,688 [INFO] Using device a2A5328-4gmPRO (at gfa_init.py)
2023-12-13 15:30:40,845 [INFO] Using device a2A5328-4gmPRO (at gfa_init.py)
2023-12-13 15:30:41,004 [INFO] Using device a2A5328-4gmPRO (at gfa_init.py)
2023-12-13 15:30:41,004 [INFO] Open Cams (at gfa_init.py)
2023-12-13 15:30:41,334 [INFO] check (at gfa_init.py)
2023-12-13 15:30:41,672 [INFO] Done (at gfa_init.py)
2023-12-13 15:31:17,221 [INFO] Start the GFA sequence (at gfa_init.py)
2023-12-13 15:31:17,221 [INFO] Connect the KSPEC GFA cameras (at gfa_init.py)
2023-12-13 15:31:17,493 [INFO] Cam array check (at gfa_init.py)
2023-12-13 15:31:17,494 [INFO] Connected the KSPEC GFA cameras (at gfa_init.py)
2023-12-13 15:31:17,494 [INFO] Done (at gfa_init.py)
2023-12-13 15:31:17,494 [INFO] Start Exposure Initializaton (at gfa_init.py)
2023-12-13 15:31:17,657 [INFO] Using device a2A5328-4gmPRO (at gfa_init.py)
2023-12-13 15:31:17,814 [INFO] Using device a2A5328-4gmPRO (at gfa_init.py)
2023-12-13 15:31:17,975 [INFO] Using device a2A5328-4gmPRO (at gfa_init.py)
2023-12-13 15:31:17,975 [INFO] Open Cams (at gfa_init.py)
2023-12-13 15:31:18,305 [INFO] check (at gfa_init.py)
2023-12-13 15:31:18,639 [INFO] Done (at gfa_init.py)
2023-12-14 14:53:41,753 [INFO] Start the GFA sequence (at gfa_init.py)
2023-12-14 14:53:41,754 [INFO] Connect the KSPEC GFA cameras (at gfa_init.py)
2023-12-14 14:53:42,037 [INFO] Cam array check (at gfa_init.py)
2023-12-14 14:53:42,037 [INFO] Connected the KSPEC GFA cameras (at gfa_init.py)
2023-12-14 14:53:42,037 [INFO] Done (at gfa_init.py)
2023-12-14 14:53:42,037 [INFO] Start Exposure Initializaton (at gfa_init.py)
2023-12-14 14:53:42,199 [INFO] Using device a2A5328-4gmPRO (at gfa_init.py)
2023-12-14 14:53:42,356 [INFO] Using device a2A5328-4gmPRO (at gfa_init.py)
2023-12-14 14:53:42,517 [INFO] Using device a2A5328-4gmPRO (at gfa_init.py)
2023-12-14 14:53:42,517 [INFO] Open Cams (at gfa_init.py)
2023-12-14 14:53:42,848 [INFO] check (at gfa_init.py)
2023-12-14 14:53:43,193 [INFO] Done (at gfa_init.py)
2023-12-14 14:57:32,941 [INFO] Start the GFA sequence (at gfa_init.py)
2023-12-14 14:57:32,941 [INFO] Connect the KSPEC GFA cameras (at gfa_init.py)
2023-12-14 14:57:33,213 [INFO] Cam array check (at gfa_init.py)
2023-12-14 14:57:33,213 [INFO] Connected the KSPEC GFA cameras (at gfa_init.py)
2023-12-14 14:57:33,213 [INFO] Done (at gfa_init.py)
2023-12-14 14:57:33,213 [INFO] Start Exposure Initializaton (at gfa_init.py)
2023-12-14 14:57:33,387 [INFO] Using device a2A5328-4gmPRO (at gfa_init.py)
2023-12-14 14:57:33,544 [INFO] Using device a2A5328-4gmPRO (at gfa_init.py)
2023-12-14 14:57:33,702 [INFO] Using device a2A5328-4gmPRO (at gfa_init.py)
2023-12-14 14:57:33,702 [INFO] Open Cams (at gfa_init.py)
2023-12-14 14:57:34,031 [INFO] check (at gfa_init.py)
2023-12-14 14:57:34,366 [INFO] Done (at gfa_init.py)
2023-12-15 14:23:28,006 [INFO] Start the GFA sequence (at gfa_init.py)
2023-12-15 14:23:28,006 [INFO] Connect the KSPEC GFA cameras (at gfa_init.py)
2023-12-15 14:23:28,006 [INFO] Cam1 Ready? (at gfa_init.py)
2023-12-15 14:23:48,576 [INFO] Start the GFA sequence (at gfa_init.py)
2023-12-15 14:23:48,576 [INFO] Connect the KSPEC GFA cameras (at gfa_init.py)
2023-12-15 14:23:48,576 [INFO] Cam1 Ready? (at gfa_init.py)
2023-12-15 14:23:51,411 [INFO] Cam1 Ready. (at gfa_init.py)
2023-12-15 14:23:51,411 [INFO] Connected the KSPEC GFA cameras (at gfa_init.py)
2023-12-15 14:23:51,411 [INFO] Done (at gfa_init.py)
2023-12-15 14:23:51,413 [INFO] Start Exposure Initializaton (at gfa_init.py)
2023-12-15 14:23:51,413 [INFO] Open Cam1 (at gfa_init.py)
2023-12-15 14:23:51,515 [INFO] check (at gfa_init.py)
2023-12-15 14:25:57,142 [INFO] Start the GFA sequence (at gfa_init.py)
2023-12-15 14:25:57,142 [INFO] Connect the KSPEC GFA cameras (at gfa_init.py)
2023-12-15 14:25:57,142 [INFO] Cam1 Ready? (at gfa_init.py)
2023-12-15 14:25:58,982 [INFO] Cam1 Ready. (at gfa_init.py)
2023-12-15 14:25:58,982 [INFO] Connected the KSPEC GFA cameras (at gfa_init.py)
2023-12-15 14:25:58,982 [INFO] Done (at gfa_init.py)
2023-12-15 14:25:58,983 [INFO] Start Exposure Initializaton (at gfa_init.py)
2023-12-15 14:25:58,983 [INFO] Open Cam1 (at gfa_init.py)
2023-12-15 14:25:59,091 [INFO] check (at gfa_init.py)
2023-12-15 14:25:59,402 [INFO] Done (at gfa_init.py)
2023-12-15 14:27:47,577 [INFO] Start the GFA sequence (at gfa_init.py)
2023-12-15 14:27:47,577 [INFO] Connect the KSPEC GFA cameras (at gfa_init.py)
2023-12-15 14:27:47,577 [INFO] Cam1 Ready? (at gfa_init.py)
2023-12-15 14:27:49,413 [INFO] Cam1 Ready. (at gfa_init.py)
2023-12-15 14:27:49,413 [INFO] Connected the KSPEC GFA cameras (at gfa_init.py)
2023-12-15 14:27:49,413 [INFO] Done (at gfa_init.py)
2023-12-15 14:27:49,415 [INFO] Start Exposure Initializaton (at gfa_init.py)
2023-12-15 14:27:49,415 [INFO] Open Cam1 (at gfa_init.py)
2023-12-15 14:27:49,523 [INFO] check (at gfa_init.py)
2023-12-15 14:27:49,523 [INFO] Grab One Image (at gfa_init.py)
2023-12-15 14:27:49,534 [INFO] Exposure Time, 1000.0 milisec (at gfa_init.py)
2023-12-15 14:27:49,847 [INFO] Done (at gfa_init.py)
2023-12-15 14:38:49,764 [INFO] Start the GFA sequence (at gfa_init.py)
2023-12-15 14:38:49,764 [INFO] Connect the KSPEC GFA cameras (at gfa_init.py)
2023-12-15 14:38:49,764 [INFO] Cam1 Ready? (at gfa_init.py)
2023-12-15 14:38:51,602 [INFO] Cam1 Ready. (at gfa_init.py)
2023-12-15 14:38:51,602 [INFO] Cam2 Ready? (at gfa_init.py)
2023-12-15 14:38:53,429 [INFO] Cam2 Ready. (at gfa_init.py)
2023-12-15 14:38:53,429 [INFO] Cam3 Ready? (at gfa_init.py)
2023-12-15 14:38:55,256 [INFO] Cam3 Ready. (at gfa_init.py)
2023-12-15 14:38:55,257 [INFO] Connected the KSPEC GFA cameras (at gfa_init.py)
2023-12-15 14:38:55,257 [INFO] Done (at gfa_init.py)
2023-12-15 14:38:55,261 [INFO] Start Exposure Check (at gfa_init.py)
2023-12-15 14:38:55,261 [INFO] Open Cam (at gfa_init.py)
2023-12-15 14:38:55,590 [INFO] check (at gfa_init.py)
2023-12-15 14:38:55,590 [INFO] Grab One Image (at gfa_init.py)
2023-12-15 14:38:55,602 [INFO] Exposure Time, 1000.0 milisec (at gfa_init.py)
2023-12-15 14:39:12,264 [INFO] Start the GFA sequence (at gfa_init.py)
2023-12-15 14:39:12,264 [INFO] Connect the KSPEC GFA cameras (at gfa_init.py)
2023-12-15 14:39:12,264 [INFO] Cam1 Ready? (at gfa_init.py)
2023-12-15 14:39:14,101 [INFO] Cam1 Ready. (at gfa_init.py)
2023-12-15 14:39:14,101 [INFO] Cam2 Ready? (at gfa_init.py)
2023-12-15 14:39:15,931 [INFO] Cam2 Ready. (at gfa_init.py)
2023-12-15 14:39:15,931 [INFO] Cam3 Ready? (at gfa_init.py)
2023-12-15 14:39:17,758 [INFO] Cam3 Ready. (at gfa_init.py)
2023-12-15 14:39:17,758 [INFO] Connected the KSPEC GFA cameras (at gfa_init.py)
2023-12-15 14:39:17,758 [INFO] Done (at gfa_init.py)
2023-12-15 14:39:17,762 [INFO] Start Exposure Check (at gfa_init.py)
2023-12-15 14:39:17,762 [INFO] Open Cam (at gfa_init.py)
2023-12-15 14:39:18,091 [INFO] check (at gfa_init.py)
2023-12-15 14:39:18,091 [INFO] Grab One Image (at gfa_init.py)
2023-12-15 14:39:18,103 [INFO] Exposure Time, 1000.0 milisec (at gfa_init.py)
2023-12-15 14:39:18,415 [INFO] Exposure Time, 1000.0 milisec (at gfa_init.py)
2023-12-15 14:39:18,739 [INFO] Exposure Time, 1000.0 milisec (at gfa_init.py)
2023-12-15 14:40:41,580 [INFO] Start the GFA sequence (at gfa_init.py)
2023-12-15 14:40:41,581 [INFO] Connect the KSPEC GFA cameras (at gfa_init.py)
2023-12-15 14:40:41,581 [INFO] Cam1 Ready? (at gfa_init.py)
2023-12-15 14:40:43,422 [INFO] Cam1 Ready. (at gfa_init.py)
2023-12-15 14:40:43,422 [INFO] Cam2 Ready? (at gfa_init.py)
2023-12-15 14:40:45,252 [INFO] Cam2 Ready. (at gfa_init.py)
2023-12-15 14:40:45,252 [INFO] Cam3 Ready? (at gfa_init.py)
2023-12-15 14:40:47,078 [INFO] Cam3 Ready. (at gfa_init.py)
2023-12-15 14:40:47,078 [INFO] Connected the KSPEC GFA cameras (at gfa_init.py)
2023-12-15 14:40:47,078 [INFO] Done (at gfa_init.py)
2023-12-15 14:40:47,082 [INFO] Start Exposure Check (at gfa_init.py)
2023-12-15 14:40:47,082 [INFO] Open Cam (at gfa_init.py)
2023-12-15 14:40:47,410 [INFO] check (at gfa_init.py)
2023-12-15 14:40:47,410 [INFO] Cam1 Grab One Image (at gfa_init.py)
2023-12-15 14:40:47,421 [INFO] Exposure Time, 1000.0 milisec (at gfa_init.py)
2023-12-15 14:40:48,406 [INFO] Done (at gfa_init.py)
2023-12-15 14:42:55,798 [INFO] Start the GFA sequence (at gfa_init.py)
2023-12-15 14:42:55,798 [INFO] Connect the KSPEC GFA cameras (at gfa_init.py)
2023-12-15 14:42:55,798 [INFO] Cam1 Ready? (at gfa_init.py)
2023-12-15 14:42:57,636 [INFO] Cam1 Ready. (at gfa_init.py)
2023-12-15 14:42:57,636 [INFO] Cam2 Ready? (at gfa_init.py)
2023-12-15 14:42:59,464 [INFO] Cam2 Ready. (at gfa_init.py)
2023-12-15 14:42:59,465 [INFO] Cam3 Ready? (at gfa_init.py)
2023-12-15 14:43:01,292 [INFO] Cam3 Ready. (at gfa_init.py)
2023-12-15 14:43:01,292 [INFO] Connected the KSPEC GFA cameras (at gfa_init.py)
2023-12-15 14:43:01,292 [INFO] Done (at gfa_init.py)
2023-12-15 14:43:01,296 [INFO] Start Exposure Check (at gfa_init.py)
2023-12-15 14:43:01,296 [INFO] Open Cam (at gfa_init.py)
2023-12-15 14:43:01,624 [INFO] check (at gfa_init.py)
2023-12-15 14:43:01,624 [INFO] Cam1 Grab One Image (at gfa_init.py)
2023-12-15 14:43:01,635 [INFO] Exposure Time, 1000.0 milisec (at gfa_init.py)
2023-12-15 14:43:01,941 [INFO] Cam2 Grab One Image (at gfa_init.py)
2023-12-15 14:43:01,953 [INFO] Exposure Time, 1000.0 milisec (at gfa_init.py)
2023-12-15 14:44:18,498 [INFO] Start the GFA sequence (at gfa_init.py)
2023-12-15 14:44:18,498 [INFO] Connect the KSPEC GFA cameras (at gfa_init.py)
2023-12-15 14:44:18,498 [INFO] Cam1 Ready? (at gfa_init.py)
2023-12-15 14:44:20,337 [INFO] Cam1 Ready. (at gfa_init.py)
2023-12-15 14:44:20,337 [INFO] Cam2 Ready? (at gfa_init.py)
2023-12-15 14:44:22,167 [INFO] Cam2 Ready. (at gfa_init.py)
2023-12-15 14:44:22,167 [INFO] Cam3 Ready? (at gfa_init.py)
2023-12-15 14:44:23,994 [INFO] Cam3 Ready. (at gfa_init.py)
2023-12-15 14:44:23,994 [INFO] Connected the KSPEC GFA cameras (at gfa_init.py)
2023-12-15 14:44:23,994 [INFO] Done (at gfa_init.py)
2023-12-15 14:44:23,998 [INFO] Start Exposure Check (at gfa_init.py)
2023-12-15 14:44:23,998 [INFO] Open Cam (at gfa_init.py)
2023-12-15 14:44:24,324 [INFO] check (at gfa_init.py)
2023-12-15 14:44:24,325 [INFO] Cam1 Grab One Image (at gfa_init.py)
2023-12-15 14:44:24,336 [INFO] Exposure Time, 1000.0 milisec (at gfa_init.py)
2023-12-15 14:44:24,656 [INFO] Cam2 Grab One Image (at gfa_init.py)
2023-12-15 14:44:24,667 [INFO] Exposure Time, 1000.0 milisec (at gfa_init.py)
2023-12-15 14:45:52,440 [INFO] Start the GFA sequence (at gfa_init.py)
2023-12-15 14:45:52,440 [INFO] Connect the KSPEC GFA cameras (at gfa_init.py)
2023-12-15 14:45:52,440 [INFO] Cam1 Ready? (at gfa_init.py)
2023-12-15 14:45:54,280 [INFO] Cam1 Ready. (at gfa_init.py)
2023-12-15 14:45:54,280 [INFO] Cam2 Ready? (at gfa_init.py)
2023-12-15 14:45:56,111 [INFO] Cam2 Ready. (at gfa_init.py)
2023-12-15 14:45:56,111 [INFO] Cam3 Ready? (at gfa_init.py)
2023-12-15 14:45:57,939 [INFO] Cam3 Ready. (at gfa_init.py)
2023-12-15 14:45:57,940 [INFO] Connected the KSPEC GFA cameras (at gfa_init.py)
2023-12-15 14:45:57,940 [INFO] Done (at gfa_init.py)
2023-12-15 14:45:57,944 [INFO] Start Exposure Check (at gfa_init.py)
2023-12-15 14:45:57,944 [INFO] Open Cam (at gfa_init.py)
2023-12-15 14:45:58,273 [INFO] check (at gfa_init.py)
2023-12-15 14:45:58,274 [INFO] Cam1 Grab One Image (at gfa_init.py)
2023-12-15 14:45:58,285 [INFO] Exposure Time, 1000.0 milisec (at gfa_init.py)
2023-12-15 14:45:59,257 [INFO] Done (at gfa_init.py)
2023-12-15 14:46:48,772 [INFO] Start the GFA sequence (at gfa_init.py)
2023-12-15 14:46:48,772 [INFO] Connect the KSPEC GFA cameras (at gfa_init.py)
2023-12-15 14:46:48,772 [INFO] Cam1 Ready? (at gfa_init.py)
2023-12-15 14:46:50,610 [INFO] Cam1 Ready. (at gfa_init.py)
2023-12-15 14:46:50,611 [INFO] Cam2 Ready? (at gfa_init.py)
2023-12-15 14:46:52,437 [INFO] Cam2 Ready. (at gfa_init.py)
2023-12-15 14:46:52,437 [INFO] Cam3 Ready? (at gfa_init.py)
2023-12-15 14:46:54,264 [INFO] Cam3 Ready. (at gfa_init.py)
2023-12-15 14:46:54,264 [INFO] Connected the KSPEC GFA cameras (at gfa_init.py)
2023-12-15 14:46:54,265 [INFO] Done (at gfa_init.py)
2023-12-15 14:46:54,268 [INFO] Start Exposure Check (at gfa_init.py)
2023-12-15 14:46:54,269 [INFO] Open Cam (at gfa_init.py)
2023-12-15 14:46:54,596 [INFO] check (at gfa_init.py)
2023-12-15 14:46:54,596 [INFO] Cam1 Grab One Image (at gfa_init.py)
2023-12-15 14:46:54,607 [INFO] Exposure Time, 10000.0 milisec (at gfa_init.py)
2023-12-15 14:46:55,589 [INFO] Done (at gfa_init.py)
2023-12-15 14:48:25,252 [INFO] Start the GFA sequence (at gfa_init.py)
2023-12-15 14:48:25,252 [INFO] Connect the KSPEC GFA cameras (at gfa_init.py)
2023-12-15 14:48:25,252 [INFO] Cam1 Ready? (at gfa_init.py)
2023-12-15 14:48:27,090 [INFO] Cam1 Ready. (at gfa_init.py)
2023-12-15 14:48:27,091 [INFO] Cam2 Ready? (at gfa_init.py)
2023-12-15 14:48:28,917 [INFO] Cam2 Ready. (at gfa_init.py)
2023-12-15 14:48:28,917 [INFO] Cam3 Ready? (at gfa_init.py)
2023-12-15 14:48:30,747 [INFO] Cam3 Ready. (at gfa_init.py)
2023-12-15 14:48:30,747 [INFO] Connected the KSPEC GFA cameras (at gfa_init.py)
2023-12-15 14:48:30,747 [INFO] Done (at gfa_init.py)
2023-12-15 14:48:30,751 [INFO] Start Exposure Check (at gfa_init.py)
2023-12-15 14:48:30,751 [INFO] Open Cam (at gfa_init.py)
2023-12-15 14:48:31,080 [INFO] check (at gfa_init.py)
2023-12-15 14:48:31,080 [INFO] Cam1 Grab One Image (at gfa_init.py)
2023-12-15 14:48:31,091 [INFO] Exposure Time, 1000.0 milisec (at gfa_init.py)
2023-12-15 14:48:32,069 [INFO] Done (at gfa_init.py)
2023-12-15 15:02:54,479 [INFO] Start the GFA sequence (at gfa_init.py)
2023-12-15 15:02:54,479 [INFO] Connect the KSPEC GFA cameras (at gfa_init.py)
2023-12-15 15:02:54,479 [INFO] Cam1 Ready? (at gfa_init.py)
2023-12-15 15:02:56,326 [INFO] Cam1 Ready. (at gfa_init.py)
2023-12-15 15:02:56,327 [INFO] Cam2 Ready? (at gfa_init.py)
2023-12-15 15:02:58,157 [INFO] Cam2 Ready. (at gfa_init.py)
2023-12-15 15:02:58,157 [INFO] Cam3 Ready? (at gfa_init.py)
2023-12-15 15:02:59,986 [INFO] Cam3 Ready. (at gfa_init.py)
2023-12-15 15:02:59,986 [INFO] Connected the KSPEC GFA cameras (at gfa_init.py)
2023-12-15 15:02:59,987 [INFO] Done (at gfa_init.py)
2023-12-15 15:02:59,990 [INFO] Start Exposure Check (at gfa_init.py)
2023-12-15 15:02:59,991 [INFO] Open Cam (at gfa_init.py)
2023-12-15 15:03:00,318 [INFO] check (at gfa_init.py)
2023-12-15 15:03:00,318 [INFO] Cam1 Grab One Image (at gfa_init.py)
2023-12-15 15:03:00,337 [INFO] Exposure Time, 1000.0 milisec (at gfa_init.py)
2023-12-15 15:03:01,312 [INFO] Done (at gfa_init.py)
2023-12-15 15:03:16,753 [INFO] Start the GFA sequence (at gfa_init.py)
2023-12-15 15:03:16,753 [INFO] Connect the KSPEC GFA cameras (at gfa_init.py)
2023-12-15 15:03:16,753 [INFO] Cam1 Ready? (at gfa_init.py)
2023-12-15 15:03:18,591 [INFO] Cam1 Ready. (at gfa_init.py)
2023-12-15 15:03:18,591 [INFO] Cam2 Ready? (at gfa_init.py)
2023-12-15 15:03:20,423 [INFO] Cam2 Ready. (at gfa_init.py)
2023-12-15 15:03:20,423 [INFO] Cam3 Ready? (at gfa_init.py)
2023-12-15 15:03:22,253 [INFO] Cam3 Ready. (at gfa_init.py)
2023-12-15 15:03:22,253 [INFO] Connected the KSPEC GFA cameras (at gfa_init.py)
2023-12-15 15:03:22,253 [INFO] Done (at gfa_init.py)
2023-12-15 15:03:22,257 [INFO] Start Exposure Check (at gfa_init.py)
2023-12-15 15:03:22,257 [INFO] Open Cam (at gfa_init.py)
2023-12-15 15:03:22,584 [INFO] check (at gfa_init.py)
2023-12-15 15:03:22,584 [INFO] Cam1 Grab One Image (at gfa_init.py)
2023-12-15 15:03:22,595 [INFO] Exposure Time, 1000.0 milisec (at gfa_init.py)
2023-12-15 15:03:23,568 [INFO] Done (at gfa_init.py)
2023-12-15 15:03:31,231 [INFO] Start the GFA sequence (at gfa_init.py)
2023-12-15 15:03:31,232 [INFO] Connect the KSPEC GFA cameras (at gfa_init.py)
2023-12-15 15:03:31,232 [INFO] Cam1 Ready? (at gfa_init.py)
2023-12-15 15:03:33,070 [INFO] Cam1 Ready. (at gfa_init.py)
2023-12-15 15:03:33,070 [INFO] Cam2 Ready? (at gfa_init.py)
2023-12-15 15:03:34,897 [INFO] Cam2 Ready. (at gfa_init.py)
2023-12-15 15:03:34,897 [INFO] Cam3 Ready? (at gfa_init.py)
2023-12-15 15:03:36,724 [INFO] Cam3 Ready. (at gfa_init.py)
2023-12-15 15:03:36,724 [INFO] Connected the KSPEC GFA cameras (at gfa_init.py)
2023-12-15 15:03:36,724 [INFO] Done (at gfa_init.py)
2023-12-15 15:03:36,728 [INFO] Start Exposure Check (at gfa_init.py)
2023-12-15 15:03:36,728 [INFO] Open Cam (at gfa_init.py)
2023-12-15 15:03:37,056 [INFO] check (at gfa_init.py)
2023-12-15 15:03:37,057 [INFO] Cam1 Grab One Image (at gfa_init.py)
2023-12-15 15:03:37,068 [INFO] Exposure Time, 1000.0 milisec (at gfa_init.py)
2023-12-15 15:03:38,029 [INFO] Done (at gfa_init.py)
2023-12-15 15:04:00,215 [INFO] Start the GFA sequence (at gfa_init.py)
2023-12-15 15:04:00,215 [INFO] Connect the KSPEC GFA cameras (at gfa_init.py)
2023-12-15 15:04:00,215 [INFO] Cam1 Ready? (at gfa_init.py)
2023-12-15 15:04:02,054 [INFO] Cam1 Ready. (at gfa_init.py)
2023-12-15 15:04:02,054 [INFO] Cam2 Ready? (at gfa_init.py)
2023-12-15 15:04:03,886 [INFO] Cam2 Ready. (at gfa_init.py)
2023-12-15 15:04:03,886 [INFO] Cam3 Ready? (at gfa_init.py)
2023-12-15 15:04:05,719 [INFO] Cam3 Ready. (at gfa_init.py)
2023-12-15 15:04:05,719 [INFO] Connected the KSPEC GFA cameras (at gfa_init.py)
2023-12-15 15:04:05,719 [INFO] Done (at gfa_init.py)
2023-12-15 15:04:05,723 [INFO] Start Exposure Check (at gfa_init.py)
2023-12-15 15:04:05,724 [INFO] Open Cam (at gfa_init.py)
2023-12-15 15:04:06,050 [INFO] check (at gfa_init.py)
2023-12-15 15:04:06,051 [INFO] Cam1 Grab One Image (at gfa_init.py)
2023-12-15 15:04:06,062 [INFO] Exposure Time, 1000.0 milisec (at gfa_init.py)
2023-12-15 15:04:07,026 [INFO] Done (at gfa_init.py)
2023-12-15 15:20:55,933 [INFO] Start the GFA sequence (at gfa_init.py)
2023-12-15 15:20:55,933 [INFO] Connect the KSPEC GFA cameras (at gfa_init.py)
2023-12-15 15:20:55,933 [INFO] Cam1 Ready? (at gfa_init.py)
2023-12-15 15:30:01,349 [INFO] Start the GFA sequence (at gfa_init.py)
2023-12-15 15:30:01,349 [INFO] Connect the KSPEC GFA cameras (at gfa_init.py)
2023-12-15 15:30:01,349 [INFO] Cam1 Ready? (at gfa_init.py)
2023-12-15 15:30:44,591 [INFO] Start the GFA sequence (at gfa_init.py)
2023-12-15 15:30:44,591 [INFO] Connect the KSPEC GFA cameras (at gfa_init.py)
2023-12-15 15:30:44,591 [INFO] Cam1 Ready? (at gfa_init.py)
2023-12-15 15:31:32,151 [INFO] Start the GFA sequence (at gfa_init.py)
2023-12-15 15:31:32,151 [INFO] Connect the KSPEC GFA cameras (at gfa_init.py)
2023-12-15 15:31:32,151 [INFO] Cam1 Ready? (at gfa_init.py)
2023-12-15 15:31:51,416 [INFO] Start the GFA sequence (at gfa_init.py)
2023-12-15 15:31:51,416 [INFO] Connect the KSPEC GFA cameras (at gfa_init.py)
2023-12-15 15:31:51,416 [INFO] Cam1 Ready? (at gfa_init.py)
2023-12-15 15:33:07,033 [INFO] Start the GFA sequence (at gfa_init.py)
2023-12-15 15:33:07,033 [INFO] Connect the KSPEC GFA cameras (at gfa_init.py)
2023-12-15 15:33:07,033 [INFO] Cam1 Ready? (at gfa_init.py)
2023-12-15 15:33:08,873 [INFO] Cam1 Ready. (at gfa_init.py)
2023-12-15 15:33:08,873 [INFO] Cam2 Ready? (at gfa_init.py)
2023-12-15 15:33:10,705 [INFO] Cam2 Ready. (at gfa_init.py)
2023-12-15 15:33:10,705 [INFO] Cam3 Ready? (at gfa_init.py)
2023-12-15 15:33:12,549 [INFO] Cam3 Ready. (at gfa_init.py)
2023-12-15 15:33:12,549 [INFO] Connected the KSPEC GFA cameras (at gfa_init.py)
2023-12-15 15:33:12,549 [INFO] Done (at gfa_init.py)
2023-12-15 15:33:12,553 [INFO] Start Exposure Check (at gfa_init.py)
2023-12-15 15:33:12,554 [INFO] Open Cam (at gfa_init.py)
2023-12-15 15:33:12,845 [INFO] check (at gfa_init.py)
2023-12-15 15:33:12,846 [INFO] Cam1 Grab One Image (at gfa_init.py)
2023-12-15 15:33:12,864 [INFO] Exposure Time, 1000.0 milisec (at gfa_init.py)
2023-12-15 15:33:13,829 [INFO] Done (at gfa_init.py)
2023-12-15 15:34:23,762 [INFO] Start the GFA sequence (at gfa_init.py)
2023-12-15 15:34:23,762 [INFO] Connect the KSPEC GFA cameras (at gfa_init.py)
2023-12-15 15:34:23,762 [INFO] Cam1 Ready? (at gfa_init.py)
2023-12-15 15:34:25,727 [INFO] Cam1 Ready. (at gfa_init.py)
2023-12-15 15:34:25,727 [INFO] Cam2 Ready? (at gfa_init.py)
2023-12-15 15:34:27,559 [INFO] Cam2 Ready. (at gfa_init.py)
2023-12-15 15:34:27,559 [INFO] Cam3 Ready? (at gfa_init.py)
2023-12-15 15:34:29,392 [INFO] Cam3 Ready. (at gfa_init.py)
2023-12-15 15:34:29,392 [INFO] Connected the KSPEC GFA cameras (at gfa_init.py)
2023-12-15 15:34:29,392 [INFO] Done (at gfa_init.py)
2023-12-15 15:34:29,396 [INFO] Start Exposure Check (at gfa_init.py)
2023-12-15 15:34:29,396 [INFO] Open Cam (at gfa_init.py)
2023-12-15 15:34:38,865 [INFO] Start the GFA sequence (at gfa_init.py)
2023-12-15 15:34:38,866 [INFO] Connect the KSPEC GFA cameras (at gfa_init.py)
2023-12-15 15:34:38,866 [INFO] Cam1 Ready? (at gfa_init.py)
2023-12-15 15:34:40,703 [INFO] Cam1 Ready. (at gfa_init.py)
2023-12-15 15:34:40,703 [INFO] Cam2 Ready? (at gfa_init.py)
2023-12-15 15:34:42,535 [INFO] Cam2 Ready. (at gfa_init.py)
2023-12-15 15:34:42,535 [INFO] Cam3 Ready? (at gfa_init.py)
2023-12-15 15:34:44,366 [INFO] Cam3 Ready. (at gfa_init.py)
2023-12-15 15:34:44,366 [INFO] Connected the KSPEC GFA cameras (at gfa_init.py)
2023-12-15 15:34:44,366 [INFO] Done (at gfa_init.py)
2023-12-15 15:34:44,371 [INFO] Start Exposure Check (at gfa_init.py)
2023-12-15 15:34:44,371 [INFO] Open Cam (at gfa_init.py)
2023-12-15 15:34:44,663 [INFO] check (at gfa_init.py)
2023-12-15 15:34:44,663 [INFO] Cam1 Grab One Image (at gfa_init.py)
2023-12-15 15:34:44,674 [INFO] Exposure Time, 1000.0 milisec (at gfa_init.py)
2023-12-15 15:34:45,632 [INFO] Done (at gfa_init.py)
2023-12-15 15:35:32,198 [INFO] Start the GFA sequence (at gfa_init.py)
2023-12-15 15:35:32,198 [INFO] Connect the KSPEC GFA cameras (at gfa_init.py)
2023-12-15 15:35:32,198 [INFO] Cam1 Ready? (at gfa_init.py)
2023-12-15 15:35:34,047 [INFO] Cam1 Ready. (at gfa_init.py)
2023-12-15 15:35:34,047 [INFO] Cam2 Ready? (at gfa_init.py)
2023-12-15 15:35:35,877 [INFO] Cam2 Ready. (at gfa_init.py)
2023-12-15 15:35:35,877 [INFO] Cam3 Ready? (at gfa_init.py)
2023-12-15 15:35:37,709 [INFO] Cam3 Ready. (at gfa_init.py)
2023-12-15 15:35:37,709 [INFO] Connected the KSPEC GFA cameras (at gfa_init.py)
2023-12-15 15:35:37,709 [INFO] Done (at gfa_init.py)
2023-12-15 15:35:37,713 [INFO] Start Exposure Check (at gfa_init.py)
2023-12-15 15:35:37,713 [INFO] Open Cam (at gfa_init.py)
2023-12-15 15:35:38,006 [INFO] check (at gfa_init.py)
2023-12-15 15:35:38,006 [INFO] Cam1 Grab One Image (at gfa_init.py)
2023-12-15 15:35:38,017 [INFO] Exposure Time, 10000.0 milisec (at gfa_init.py)
2023-12-15 15:35:38,978 [INFO] Done (at gfa_init.py)
2023-12-15 15:38:10,252 [INFO] Start the GFA sequence (at gfa_init.py)
2023-12-15 15:38:10,252 [INFO] Connect the KSPEC GFA cameras (at gfa_init.py)
2023-12-15 15:38:10,252 [INFO] Cam1 Ready? (at gfa_init.py)
2023-12-15 15:38:12,092 [INFO] Cam1 Ready. (at gfa_init.py)
2023-12-15 15:38:12,092 [INFO] Cam2 Ready? (at gfa_init.py)
2023-12-15 15:38:13,925 [INFO] Cam2 Ready. (at gfa_init.py)
2023-12-15 15:38:13,925 [INFO] Cam3 Ready? (at gfa_init.py)
2023-12-15 15:38:15,760 [INFO] Cam3 Ready. (at gfa_init.py)
2023-12-15 15:38:15,760 [INFO] Connected the KSPEC GFA cameras (at gfa_init.py)
2023-12-15 15:38:15,760 [INFO] Done (at gfa_init.py)
2023-12-15 15:38:15,764 [INFO] Start Exposure Check (at gfa_init.py)
2023-12-15 15:38:15,764 [INFO] Open Cam (at gfa_init.py)
2023-12-15 15:38:16,056 [INFO] check (at gfa_init.py)
2023-12-15 15:38:16,056 [INFO] Cam1 Grab One Image (at gfa_init.py)
2023-12-15 15:38:16,067 [INFO] Exposure Time, 10000000.0 milisec (at gfa_init.py)
2023-12-15 15:38:29,124 [INFO] Start the GFA sequence (at gfa_init.py)
2023-12-15 15:38:29,124 [INFO] Connect the KSPEC GFA cameras (at gfa_init.py)
2023-12-15 15:38:29,124 [INFO] Cam1 Ready? (at gfa_init.py)
2023-12-15 15:38:30,968 [INFO] Cam1 Ready. (at gfa_init.py)
2023-12-15 15:38:30,968 [INFO] Cam2 Ready? (at gfa_init.py)
2023-12-15 15:38:32,798 [INFO] Cam2 Ready. (at gfa_init.py)
2023-12-15 15:38:32,798 [INFO] Cam3 Ready? (at gfa_init.py)
2023-12-15 15:38:34,631 [INFO] Cam3 Ready. (at gfa_init.py)
2023-12-15 15:38:34,632 [INFO] Connected the KSPEC GFA cameras (at gfa_init.py)
2023-12-15 15:38:34,632 [INFO] Done (at gfa_init.py)
2023-12-15 15:38:34,636 [INFO] Start Exposure Check (at gfa_init.py)
2023-12-15 15:38:34,636 [INFO] Open Cam (at gfa_init.py)
2023-12-15 15:38:34,927 [INFO] check (at gfa_init.py)
2023-12-15 15:38:34,927 [INFO] Cam1 Grab One Image (at gfa_init.py)
2023-12-15 15:38:34,938 [INFO] Exposure Time, 10000000.0 milisec (at gfa_init.py)
2023-12-15 15:38:45,915 [INFO] Done (at gfa_init.py)
2023-12-15 15:39:34,910 [INFO] Start the GFA sequence (at gfa_init.py)
2023-12-15 15:39:34,910 [INFO] Connect the KSPEC GFA cameras (at gfa_init.py)
2023-12-15 15:39:34,910 [INFO] Cam1 Ready? (at gfa_init.py)
2023-12-15 15:39:36,748 [INFO] Cam1 Ready. (at gfa_init.py)
2023-12-15 15:39:36,748 [INFO] Cam2 Ready? (at gfa_init.py)
2023-12-15 15:39:38,580 [INFO] Cam2 Ready. (at gfa_init.py)
2023-12-15 15:39:38,580 [INFO] Cam3 Ready? (at gfa_init.py)
2023-12-15 15:39:40,409 [INFO] Cam3 Ready. (at gfa_init.py)
2023-12-15 15:39:40,409 [INFO] Connected the KSPEC GFA cameras (at gfa_init.py)
2023-12-15 15:39:40,409 [INFO] Done (at gfa_init.py)
2023-12-15 15:39:40,413 [INFO] Start Exposure Check (at gfa_init.py)
2023-12-15 15:39:40,413 [INFO] Open Cam (at gfa_init.py)
2023-12-15 15:39:40,706 [INFO] check (at gfa_init.py)
2023-12-15 15:39:40,706 [INFO] Cam1 Grab One Image (at gfa_init.py)
2023-12-15 15:39:40,717 [INFO] Exposure Time, 5000000.0 milisec (at gfa_init.py)
2023-12-15 15:39:46,684 [INFO] Done (at gfa_init.py)
2023-12-15 15:40:16,687 [INFO] Start the GFA sequence (at gfa_init.py)
2023-12-15 15:40:16,687 [INFO] Connect the KSPEC GFA cameras (at gfa_init.py)
2023-12-15 15:40:16,687 [INFO] Cam1 Ready? (at gfa_init.py)
2023-12-15 15:40:18,523 [INFO] Cam1 Ready. (at gfa_init.py)
2023-12-15 15:40:18,523 [INFO] Cam2 Ready? (at gfa_init.py)
2023-12-15 15:40:20,359 [INFO] Cam2 Ready. (at gfa_init.py)
2023-12-15 15:40:20,359 [INFO] Cam3 Ready? (at gfa_init.py)
2023-12-15 15:40:22,192 [INFO] Cam3 Ready. (at gfa_init.py)
2023-12-15 15:40:22,192 [INFO] Connected the KSPEC GFA cameras (at gfa_init.py)
2023-12-15 15:40:22,192 [INFO] Done (at gfa_init.py)
2023-12-15 15:40:22,196 [INFO] Start Exposure Check (at gfa_init.py)
2023-12-15 15:40:22,196 [INFO] Open Cam (at gfa_init.py)
2023-12-15 15:40:22,489 [INFO] check (at gfa_init.py)
2023-12-15 15:40:22,489 [INFO] Cam1 Grab One Image (at gfa_init.py)
2023-12-15 15:40:22,500 [INFO] Exposure Time, 1000000.0 micro sec (at gfa_init.py)
2023-12-15 15:40:24,475 [INFO] Done (at gfa_init.py)
2023-12-15 15:40:48,090 [INFO] Start the GFA sequence (at gfa_init.py)
2023-12-15 15:40:48,090 [INFO] Connect the KSPEC GFA cameras (at gfa_init.py)
2023-12-15 15:40:48,090 [INFO] Cam1 Ready? (at gfa_init.py)
2023-12-15 15:40:49,930 [INFO] Cam1 Ready. (at gfa_init.py)
2023-12-15 15:40:49,930 [INFO] Cam2 Ready? (at gfa_init.py)
2023-12-15 15:40:51,764 [INFO] Cam2 Ready. (at gfa_init.py)
2023-12-15 15:40:51,764 [INFO] Cam3 Ready? (at gfa_init.py)
2023-12-15 15:40:53,594 [INFO] Cam3 Ready. (at gfa_init.py)
2023-12-15 15:40:53,594 [INFO] Connected the KSPEC GFA cameras (at gfa_init.py)
2023-12-15 15:40:53,594 [INFO] Done (at gfa_init.py)
2023-12-15 15:40:53,598 [INFO] Start Exposure Check (at gfa_init.py)
2023-12-15 15:40:53,598 [INFO] Open Cam (at gfa_init.py)
2023-12-15 15:40:53,891 [INFO] check (at gfa_init.py)
2023-12-15 15:40:53,892 [INFO] Cam1 Grab One Image (at gfa_init.py)
2023-12-15 15:40:53,903 [INFO] Exposure Time, 10000.0 micro sec (at gfa_init.py)
2023-12-15 15:40:54,853 [INFO] Done (at gfa_init.py)
2023-12-15 15:41:24,788 [INFO] Start the GFA sequence (at gfa_init.py)
2023-12-15 15:41:24,788 [INFO] Connect the KSPEC GFA cameras (at gfa_init.py)
2023-12-15 15:41:24,788 [INFO] Cam1 Ready? (at gfa_init.py)
2023-12-15 15:41:26,639 [INFO] Cam1 Ready. (at gfa_init.py)
2023-12-15 15:41:26,639 [INFO] Cam2 Ready? (at gfa_init.py)
2023-12-15 15:41:28,470 [INFO] Cam2 Ready. (at gfa_init.py)
2023-12-15 15:41:28,470 [INFO] Cam3 Ready? (at gfa_init.py)
2023-12-15 15:41:30,301 [INFO] Cam3 Ready. (at gfa_init.py)
2023-12-15 15:41:30,301 [INFO] Connected the KSPEC GFA cameras (at gfa_init.py)
2023-12-15 15:41:30,301 [INFO] Done (at gfa_init.py)
2023-12-15 15:41:30,306 [INFO] Start Exposure Check (at gfa_init.py)
2023-12-15 15:41:30,306 [INFO] Open Cam (at gfa_init.py)
2023-12-15 15:41:30,599 [INFO] check (at gfa_init.py)
2023-12-15 15:41:30,599 [INFO] Cam1 Grab One Image (at gfa_init.py)
2023-12-15 15:41:30,610 [INFO] Exposure Time, 100000.0 micro sec (at gfa_init.py)
2023-12-15 15:41:31,690 [INFO] Done (at gfa_init.py)
2023-12-18 18:18:02,369 [INFO] Start the GFA sequence (at gfa_init.py)
2023-12-18 18:18:02,370 [INFO] Connect the KSPEC GFA cameras (at gfa_init.py)
2023-12-18 18:18:02,370 [INFO] Cam1 Ready? (at gfa_init.py)
2023-12-18 18:18:04,213 [INFO] Cam1 Ready. (at gfa_init.py)
2023-12-18 18:18:04,213 [INFO] Cam2 Ready? (at gfa_init.py)
2023-12-18 18:18:06,046 [INFO] Cam2 Ready. (at gfa_init.py)
2023-12-18 18:18:06,046 [INFO] Cam3 Ready? (at gfa_init.py)
2023-12-18 18:18:07,875 [INFO] Cam3 Ready. (at gfa_init.py)
2023-12-18 18:18:07,875 [INFO] Connected the KSPEC GFA cameras (at gfa_init.py)
2023-12-18 18:18:07,875 [INFO] Done (at gfa_init.py)
2023-12-18 18:18:07,879 [INFO] Start Exposure Check (at gfa_init.py)
2023-12-18 18:18:07,879 [INFO] Open Cam (at gfa_init.py)
2023-12-18 18:18:08,173 [INFO] check (at gfa_init.py)
2023-12-18 18:18:08,173 [INFO] Cam1 Grab One Image (at gfa_init.py)
2023-12-18 18:18:08,184 [INFO] Exposure Time, 100000.0 micro sec (at gfa_init.py)
2023-12-18 18:18:09,244 [INFO] Done (at gfa_init.py)
2023-12-18 18:21:40,250 [INFO] Start the GFA sequence (at gfa_init.py)
2023-12-18 18:21:40,250 [INFO] Connect the KSPEC GFA cameras (at gfa_init.py)
2023-12-18 18:21:40,250 [INFO] Cam1 Ready? (at gfa_init.py)
2023-12-18 18:21:42,089 [INFO] Cam1 Ready. (at gfa_init.py)
2023-12-18 18:21:42,089 [INFO] Cam2 Ready? (at gfa_init.py)
2023-12-18 18:21:43,924 [INFO] Cam2 Ready. (at gfa_init.py)
2023-12-18 18:21:43,924 [INFO] Cam3 Ready? (at gfa_init.py)
2023-12-18 18:21:45,756 [INFO] Cam3 Ready. (at gfa_init.py)
2023-12-18 18:21:45,756 [INFO] Connected the KSPEC GFA cameras (at gfa_init.py)
2023-12-18 18:21:45,756 [INFO] Done (at gfa_init.py)
2023-12-18 18:21:45,760 [INFO] Start Exposure Check (at gfa_init.py)
2023-12-18 18:21:45,760 [INFO] Open Cam (at gfa_init.py)
2023-12-18 18:21:46,054 [INFO] check (at gfa_init.py)
2023-12-18 18:21:46,055 [INFO] Cam1 Grab One Image (at gfa_init.py)
2023-12-18 18:21:46,066 [INFO] Exposure Time, 100000.0 micro sec (at gfa_init.py)
2023-12-18 18:21:47,116 [INFO] Done (at gfa_init.py)
2023-12-19 09:41:13,846 [INFO] Start the GFA sequence (at gfa_init.py)
2023-12-19 09:41:13,846 [INFO] Connect the KSPEC GFA cameras (at gfa_init.py)
2023-12-19 09:41:13,846 [INFO] Cam1 Ready? (at gfa_init.py)
2023-12-19 09:41:15,696 [INFO] Cam1 Ready. (at gfa_init.py)
2023-12-19 09:41:15,696 [INFO] Cam2 Ready? (at gfa_init.py)
2023-12-19 09:41:17,536 [INFO] Cam2 Ready. (at gfa_init.py)
2023-12-19 09:41:17,536 [INFO] Cam3 Ready? (at gfa_init.py)
2023-12-19 09:41:19,364 [INFO] Cam3 Ready. (at gfa_init.py)
2023-12-19 09:41:19,365 [INFO] Connected the KSPEC GFA cameras (at gfa_init.py)
2023-12-19 09:41:19,365 [INFO] Done (at gfa_init.py)
2023-12-19 09:41:19,369 [INFO] Start Exposure Check (at gfa_init.py)
2023-12-19 09:41:19,369 [INFO] Open Cam (at gfa_init.py)
2023-12-19 09:41:19,661 [INFO] check (at gfa_init.py)
2023-12-19 09:41:19,662 [INFO] Cam1 Grab One Image (at gfa_init.py)
2023-12-19 09:41:19,674 [INFO] Exposure Time, 100000.0 micro sec (at gfa_init.py)
2023-12-19 09:41:20,781 [INFO] Done (at gfa_init.py)
