2023-12-06 17:37:35,342 [    INFO] Start the GFA sequence
2023-12-06 17:37:35,342 [    INFO] Connect the KSPEC GFA cameras
2023-12-06 17:39:21,940 [    INFO] Start the GFA sequence
2023-12-06 17:39:21,940 [    INFO] Connect the KSPEC GFA cameras
2023-12-07 12:02:54,188 [INFO] Start the GFA sequence (at gfa_init.py)
2023-12-07 12:02:54,188 [INFO] Connect the KSPEC GFA cameras (at gfa_init.py)
2023-12-07 12:03:54,582 [INFO] Start the GFA sequence (at gfa_init.py)
2023-12-07 12:03:54,583 [INFO] Connect the KSPEC GFA cameras (at gfa_init.py)
2023-12-07 12:03:55,334 [INFO] Open the KSPEC GFA cameras (at gfa_init.py)
2023-12-07 12:48:06,656 [INFO] Start the GFA sequence (at gfa_init.py)
2023-12-07 12:48:06,656 [INFO] Connect the KSPEC GFA cameras (at gfa_init.py)
2023-12-07 12:48:07,090 [INFO] Cam1 check <pypylon.pylon.InstantCamera; proxy of <Swig Object of type 'Pylon::CInstantCamera *' at 0x7f4c56be5810> > (at gfa_init.py)
2023-12-07 12:48:07,248 [INFO] Cam2 check <pypylon.pylon.InstantCamera; proxy of <Swig Object of type 'Pylon::CInstantCamera *' at 0x7f4c56be58a0> > (at gfa_init.py)
2023-12-07 12:48:07,406 [INFO] Cam3 check <pypylon.pylon.InstantCamera; proxy of <Swig Object of type 'Pylon::CInstantCamera *' at 0x7f4c56be5930> > (at gfa_init.py)
2023-12-07 12:48:07,406 [INFO] Connected the KSPEC GFA cameras (at gfa_init.py)
2023-12-07 13:08:16,409 [INFO] Start the GFA sequence (at gfa_init.py)
2023-12-07 13:08:16,409 [INFO] Connect the KSPEC GFA cameras (at gfa_init.py)
2023-12-07 13:08:16,842 [INFO] Cam1 check <pypylon.pylon.InstantCamera; proxy of <Swig Object of type 'Pylon::CInstantCamera *' at 0x7fa9a14407e0> > (at gfa_init.py)
2023-12-07 13:08:17,000 [INFO] Cam2 check <pypylon.pylon.InstantCamera; proxy of <Swig Object of type 'Pylon::CInstantCamera *' at 0x7fa9a1440a20> > (at gfa_init.py)
2023-12-07 13:08:17,157 [INFO] Cam3 check <pypylon.pylon.InstantCamera; proxy of <Swig Object of type 'Pylon::CInstantCamera *' at 0x7fa9a1440a80> > (at gfa_init.py)
2023-12-07 13:08:17,157 [INFO] Connected the KSPEC GFA cameras (at gfa_init.py)
2023-12-07 13:08:39,074 [INFO] Start the GFA sequence (at gfa_init.py)
2023-12-07 13:08:39,075 [INFO] Connect the KSPEC GFA cameras (at gfa_init.py)
2023-12-07 13:08:39,511 [INFO] Cam1 check <pypylon.pylon.InstantCamera; proxy of <Swig Object of type 'Pylon::CInstantCamera *' at 0x7f8c829a18a0> > (at gfa_init.py)
2023-12-07 13:08:39,682 [INFO] Cam2 check <pypylon.pylon.InstantCamera; proxy of <Swig Object of type 'Pylon::CInstantCamera *' at 0x7f8c829a1930> > (at gfa_init.py)
2023-12-07 13:08:39,841 [INFO] Cam3 check <pypylon.pylon.InstantCamera; proxy of <Swig Object of type 'Pylon::CInstantCamera *' at 0x7f8c829a19c0> > (at gfa_init.py)
2023-12-07 13:08:39,841 [INFO] Connected the KSPEC GFA cameras (at gfa_init.py)
2023-12-07 13:08:45,971 [INFO] Start the GFA sequence (at gfa_init.py)
2023-12-07 13:08:45,972 [INFO] Connect the KSPEC GFA cameras (at gfa_init.py)
2023-12-07 13:08:46,407 [INFO] Cam1 check <pypylon.pylon.InstantCamera; proxy of <Swig Object of type 'Pylon::CInstantCamera *' at 0x7ff5a65058d0> > (at gfa_init.py)
2023-12-07 13:08:46,565 [INFO] Cam2 check <pypylon.pylon.InstantCamera; proxy of <Swig Object of type 'Pylon::CInstantCamera *' at 0x7ff5a6505960> > (at gfa_init.py)
2023-12-07 13:08:46,723 [INFO] Cam3 check <pypylon.pylon.InstantCamera; proxy of <Swig Object of type 'Pylon::CInstantCamera *' at 0x7ff5a65059f0> > (at gfa_init.py)
2023-12-07 13:08:46,723 [INFO] Connected the KSPEC GFA cameras (at gfa_init.py)
2023-12-07 13:08:46,723 [INFO] Exposure check (at gfa_init.py)
2023-12-07 13:08:46,724 [INFO] Open Cams (at gfa_init.py)
2023-12-07 13:08:47,054 [INFO] Open check (at gfa_init.py)
2023-12-07 13:08:47,054 [INFO] Grab ready? (at gfa_init.py)
2023-12-07 13:08:47,248 [INFO] Grab ready. (at gfa_init.py)
2023-12-07 13:08:47,248 [INFO] Grab (at gfa_init.py)
2023-12-07 13:08:47,528 [INFO] Cam1 Grab check (at gfa_init.py)
2023-12-07 13:08:47,528 [INFO] Grab (at gfa_init.py)
2023-12-07 13:08:47,908 [INFO] Cam2 Grab check (at gfa_init.py)
2023-12-07 13:08:47,908 [INFO] Grab (at gfa_init.py)
2023-12-07 13:08:48,328 [INFO] Cam3 Grab check (at gfa_init.py)
2023-12-07 13:08:48,329 [INFO] Save image array (at gfa_init.py)
2023-12-07 13:08:48,351 [INFO] Saved image array (at gfa_init.py)
2023-12-07 13:08:48,351 [INFO] All Exposures check (at gfa_init.py)
2023-12-07 13:09:53,296 [INFO] Start the GFA sequence (at gfa_init.py)
2023-12-07 13:09:53,297 [INFO] Connect the KSPEC GFA cameras (at gfa_init.py)
2023-12-07 13:09:53,730 [INFO] Cam1 check <pypylon.pylon.InstantCamera; proxy of <Swig Object of type 'Pylon::CInstantCamera *' at 0x7fb8941248a0> > (at gfa_init.py)
2023-12-07 13:09:53,888 [INFO] Cam2 check <pypylon.pylon.InstantCamera; proxy of <Swig Object of type 'Pylon::CInstantCamera *' at 0x7fb894124930> > (at gfa_init.py)
2023-12-07 13:09:54,045 [INFO] Cam3 check <pypylon.pylon.InstantCamera; proxy of <Swig Object of type 'Pylon::CInstantCamera *' at 0x7fb8941249c0> > (at gfa_init.py)
2023-12-07 13:09:54,045 [INFO] Connected the KSPEC GFA cameras (at gfa_init.py)
2023-12-07 13:09:54,045 [INFO] Exposure check (at gfa_init.py)
2023-12-07 13:09:54,045 [INFO] Open Cams (at gfa_init.py)
2023-12-07 13:09:54,372 [INFO] Open check (at gfa_init.py)
2023-12-07 13:09:54,372 [INFO] Grab ready? (at gfa_init.py)
2023-12-07 13:09:54,568 [INFO] Grab ready. (at gfa_init.py)
2023-12-07 13:09:54,568 [INFO] Cam1 Grab (at gfa_init.py)
2023-12-07 13:09:54,847 [INFO] Cam1 Grab check (at gfa_init.py)
2023-12-07 13:09:54,847 [INFO] Cam2 Grab (at gfa_init.py)
2023-12-07 13:09:55,228 [INFO] Cam2 Grab check (at gfa_init.py)
2023-12-07 13:09:55,228 [INFO] Cam3 Grab (at gfa_init.py)
2023-12-07 13:09:55,648 [INFO] Cam3 Grab check (at gfa_init.py)
2023-12-07 13:09:55,648 [INFO] Save image array (at gfa_init.py)
2023-12-07 13:09:55,670 [INFO] Saved image array (at gfa_init.py)
2023-12-07 13:09:55,670 [INFO] All Exposures check (at gfa_init.py)
2023-12-07 14:10:42,024 [INFO] Start the GFA sequence (at gfa_init.py)
2023-12-07 14:10:42,024 [INFO] Connect the KSPEC GFA cameras (at gfa_init.py)
2023-12-07 14:10:42,459 [INFO] Cam1 check <pypylon.pylon.InstantCamera; proxy of <Swig Object of type 'Pylon::CInstantCamera *' at 0x7fc4c60cec30> > (at gfa_init.py)
2023-12-07 14:10:42,620 [INFO] Cam2 check <pypylon.pylon.InstantCamera; proxy of <Swig Object of type 'Pylon::CInstantCamera *' at 0x7fc4c60ceba0> > (at gfa_init.py)
2023-12-07 14:10:42,777 [INFO] Cam3 check <pypylon.pylon.InstantCamera; proxy of <Swig Object of type 'Pylon::CInstantCamera *' at 0x7fc4c60ceb10> > (at gfa_init.py)
2023-12-07 14:10:42,777 [INFO] Connected the KSPEC GFA cameras (at gfa_init.py)
2023-12-07 14:10:42,777 [INFO] Done (at gfa_init.py)
2023-12-07 14:10:42,777 [INFO] Start Exposure Initializaton (at gfa_init.py)
2023-12-07 14:10:42,777 [INFO] Open Cams (at gfa_init.py)
2023-12-07 14:10:43,106 [INFO] check (at gfa_init.py)
2023-12-07 14:10:43,107 [INFO] Grab ready? (at gfa_init.py)
2023-12-07 14:10:43,300 [INFO] Grab ready. (at gfa_init.py)
2023-12-07 14:10:43,300 [INFO] Cam1 Grab (at gfa_init.py)
2023-12-08 10:35:24,279 [INFO] Start the GFA sequence (at gfa_init.py)
2023-12-08 10:35:24,280 [INFO] Connect the KSPEC GFA cameras (at gfa_init.py)
2023-12-08 10:35:24,717 [INFO] Cam1 check <pypylon.pylon.InstantCamera; proxy of <Swig Object of type 'Pylon::CInstantCamera *' at 0x7f4e246c37b0> > (at gfa_init.py)
2023-12-08 10:35:24,875 [INFO] Cam2 check <pypylon.pylon.InstantCamera; proxy of <Swig Object of type 'Pylon::CInstantCamera *' at 0x7f4e246c3810> > (at gfa_init.py)
2023-12-08 10:35:25,030 [INFO] Cam3 check <pypylon.pylon.InstantCamera; proxy of <Swig Object of type 'Pylon::CInstantCamera *' at 0x7f4e246c3930> > (at gfa_init.py)
2023-12-08 10:35:25,030 [INFO] Connected the KSPEC GFA cameras (at gfa_init.py)
2023-12-08 10:35:25,030 [INFO] Done (at gfa_init.py)
2023-12-08 10:35:25,030 [INFO] Start Exposure Initializaton (at gfa_init.py)
2023-12-08 10:35:25,030 [INFO] Open Cams (at gfa_init.py)
2023-12-08 10:35:25,362 [INFO] check (at gfa_init.py)
2023-12-08 10:35:25,362 [INFO] Grab ready? (at gfa_init.py)
2023-12-08 10:35:25,561 [INFO] Grab ready. (at gfa_init.py)
2023-12-08 10:35:25,561 [INFO] Cam1 Grab (at gfa_init.py)
2023-12-08 10:35:25,842 [INFO] check (at gfa_init.py)
2023-12-08 10:35:25,842 [INFO] Cam2 Grab (at gfa_init.py)
2023-12-08 10:35:26,222 [INFO] check (at gfa_init.py)
2023-12-08 10:35:26,222 [INFO] Cam3 Grab (at gfa_init.py)
2023-12-08 10:35:26,602 [INFO] check (at gfa_init.py)
2023-12-08 10:35:26,603 [INFO] Save image array (at gfa_init.py)
2023-12-08 10:35:26,625 [INFO] Saved image array (at gfa_init.py)
2023-12-08 10:35:26,625 [INFO] Done (at gfa_init.py)
